#
# There is insufficient memory for the Java Runtime Environment to continue.
# Native memory allocation (malloc) failed to allocate 1149136 bytes for Chunk::new
# Possible reasons:
#   The system is out of physical RAM or swap space
#   The process is running with CompressedOops enabled, and the Java Heap may be blocking the growth of the native heap
# Possible solutions:
#   Reduce memory load on the system
#   Increase physical memory or swap space
#   Check if swap backing store is full
#   Decrease Java heap size (-Xmx/-Xms)
#   Decrease number of Java threads
#   Decrease Java thread stack sizes (-Xss)
#   Set larger code cache with -XX:ReservedCodeCacheSize=
#   JVM is running with Unscaled Compressed Oops mode in which the Java heap is
#     placed in the first 4GB address space. The Java Heap base address is the
#     maximum limit for the native heap growth. Please use -XX:HeapBaseMinAddress
#     to set the Java Heap base and to place the Java Heap above 4GB virtual address.
# This output file may be truncated or incomplete.
#
#  Out of Memory Error (arena.cpp:197), pid=18200, tid=17436
#
# JRE version: OpenJDK Runtime Environment Temurin-11.0.22+7 (11.0.22+7) (build 11.0.22+7)
# Java VM: OpenJDK 64-Bit Server VM Temurin-11.0.22+7 (11.0.22+7, mixed mode, tiered, compressed oops, g1 gc, windows-amd64)
# No core dump will be written. Minidumps are not enabled by default on client versions of Windows
#

---------------  S U M M A R Y ------------

Command Line: -ea -Dfile.encoding=UTF-8 org.eclipse.jdt.internal.junit.runner.RemoteTestRunner -version 3 -port 9442 -testLoaderClass org.eclipse.jdt.internal.junit4.runner.JUnit4TestLoader -loaderpluginname org.eclipse.jdt.junit4.runtime -test com.bark.service.BoardServiceTest:searchList

Host: Intel(R) Core(TM) i5-2430M CPU @ 2.40GHz, 4 cores, 7G,  Windows 10 , 64 bit Build 19041 (10.0.19041.3636)
Time: Fri Apr 19 12:19:03 2024  Windows 10 , 64 bit Build 19041 (10.0.19041.3636) elapsed time: 5.445641 seconds (0d 0h 0m 5s)

---------------  T H R E A D  ---------------

Current thread (0x000001c1451e3000):  JavaThread "C2 CompilerThread1" daemon [_thread_in_native, id=17436, stack(0x0000004c7f000000,0x0000004c7f100000)]


Current CompileTask:
C2:   5445 1997       4       java.net.URLStreamHandler::parseURL (1201 bytes)

Stack: [0x0000004c7f000000,0x0000004c7f100000]
Native frames: (J=compiled Java code, j=interpreted, Vv=VM code, C=native code)
V  [jvm.dll+0x64590a]
V  [jvm.dll+0x7d9429]
V  [jvm.dll+0x7dab29]
V  [jvm.dll+0x7db213]
V  [jvm.dll+0x269675]
V  [jvm.dll+0xc1bbc]
V  [jvm.dll+0xc216c]
V  [jvm.dll+0x3799d2]
V  [jvm.dll+0x344915]
V  [jvm.dll+0x343cea]
V  [jvm.dll+0x2216df]
V  [jvm.dll+0x2206e8]
V  [jvm.dll+0x19e4b1]
V  [jvm.dll+0x230799]
V  [jvm.dll+0x22e90f]
V  [jvm.dll+0x79a621]
V  [jvm.dll+0x7932f4]
V  [jvm.dll+0x6446c5]
C  [ucrtbase.dll+0x21bb2]
C  [KERNEL32.DLL+0x17344]
C  [ntdll.dll+0x526b1]


---------------  P R O C E S S  ---------------

Threads class SMR info:
_java_thread_list=0x000001c144f544b0, length=15, elements={
0x000001c124e72800, 0x000001c14365b800, 0x000001c143664800, 0x000001c143682800,
0x000001c143ede800, 0x000001c143edf000, 0x000001c143eea000, 0x000001c143eed000,
0x000001c143f5d800, 0x000001c14404d000, 0x000001c144050800, 0x000001c1450ff800,
0x000001c1451e3000, 0x000001c145365800, 0x000001c1451ea000
}

Java Threads: ( => current thread )
  0x000001c124e72800 JavaThread "main" [_thread_in_native, id=12868, stack(0x0000004c7d800000,0x0000004c7d900000)]
  0x000001c14365b800 JavaThread "Reference Handler" daemon [_thread_blocked, id=11680, stack(0x0000004c7df00000,0x0000004c7e000000)]
  0x000001c143664800 JavaThread "Finalizer" daemon [_thread_blocked, id=14676, stack(0x0000004c7e000000,0x0000004c7e100000)]
  0x000001c143682800 JavaThread "Signal Dispatcher" daemon [_thread_blocked, id=11952, stack(0x0000004c7e100000,0x0000004c7e200000)]
  0x000001c143ede800 JavaThread "Attach Listener" daemon [_thread_blocked, id=668, stack(0x0000004c7e200000,0x0000004c7e300000)]
  0x000001c143edf000 JavaThread "Service Thread" daemon [_thread_blocked, id=14480, stack(0x0000004c7e300000,0x0000004c7e400000)]
  0x000001c143eea000 JavaThread "C2 CompilerThread0" daemon [_thread_blocked, id=9268, stack(0x0000004c7e400000,0x0000004c7e500000)]
  0x000001c143eed000 JavaThread "C1 CompilerThread0" daemon [_thread_blocked, id=15740, stack(0x0000004c7e500000,0x0000004c7e600000)]
  0x000001c143f5d800 JavaThread "Sweeper thread" daemon [_thread_blocked, id=15644, stack(0x0000004c7e600000,0x0000004c7e700000)]
  0x000001c14404d000 JavaThread "Common-Cleaner" daemon [_thread_blocked, id=14540, stack(0x0000004c7e800000,0x0000004c7e900000)]
  0x000001c144050800 JavaThread "ReaderThread" [_thread_in_native, id=1268, stack(0x0000004c7e900000,0x0000004c7ea00000)]
  0x000001c1450ff800 JavaThread "mysql-cj-abandoned-connection-cleanup" daemon [_thread_blocked, id=7292, stack(0x0000004c7ea00000,0x0000004c7eb00000)]
=>0x000001c1451e3000 JavaThread "C2 CompilerThread1" daemon [_thread_in_native, id=17436, stack(0x0000004c7f000000,0x0000004c7f100000)]
  0x000001c145365800 JavaThread "HikariPool-1 housekeeper" daemon [_thread_blocked, id=14868, stack(0x0000004c7f200000,0x0000004c7f300000)]
  0x000001c1451ea000 JavaThread "HikariPool-1 connection adder" daemon [_thread_in_vm, id=17208, stack(0x0000004c7f300000,0x0000004c7f400000)]

Other Threads:
  0x000001c143637800 VMThread "VM Thread" [stack: 0x0000004c7de00000,0x0000004c7df00000] [id=15584]
  0x000001c144046800 WatcherThread [stack: 0x0000004c7e700000,0x0000004c7e800000] [id=12260]
  0x000001c124e8b000 GCTaskThread "GC Thread#0" [stack: 0x0000004c7d900000,0x0000004c7da00000] [id=16844]
  0x000001c1445fa800 GCTaskThread "GC Thread#1" [stack: 0x0000004c7eb00000,0x0000004c7ec00000] [id=11928]
  0x000001c144632000 GCTaskThread "GC Thread#2" [stack: 0x0000004c7ec00000,0x0000004c7ed00000] [id=8176]
  0x000001c144632800 GCTaskThread "GC Thread#3" [stack: 0x0000004c7ed00000,0x0000004c7ee00000] [id=16688]
  0x000001c124ebc800 ConcurrentGCThread "G1 Main Marker" [stack: 0x0000004c7da00000,0x0000004c7db00000] [id=12276]
  0x000001c124ebf000 ConcurrentGCThread "G1 Conc#0" [stack: 0x0000004c7db00000,0x0000004c7dc00000] [id=12092]
  0x000001c1434a4800 ConcurrentGCThread "G1 Refine#0" [stack: 0x0000004c7dc00000,0x0000004c7dd00000] [id=5772]
  0x000001c1442c8800 ConcurrentGCThread "G1 Refine#1" [stack: 0x0000004c7ee00000,0x0000004c7ef00000] [id=12096]
  0x000001c1444cd800 ConcurrentGCThread "G1 Refine#2" [stack: 0x0000004c7ef00000,0x0000004c7f000000] [id=14824]
  0x000001c124f3e000 ConcurrentGCThread "G1 Young RemSet Sampling" [stack: 0x0000004c7dd00000,0x0000004c7de00000] [id=8912]

Threads with active compile tasks:
C2 CompilerThread1     5567 1997       4       java.net.URLStreamHandler::parseURL (1201 bytes)

VM state:not at safepoint (normal execution)

VM Mutex/Monitor currently owned by a thread: None

Heap address: 0x0000000081400000, size: 2028 MB, Compressed Oops mode: 32-bit
Narrow klass base: 0x0000000000000000, Narrow klass shift: 3
Compressed class space size: 1073741824 Address: 0x0000000100000000

Heap:
 garbage-first heap   total 131072K, used 33886K [0x0000000081400000, 0x0000000100000000)
  region size 1024K, 29 young (29696K), 2 survivors (2048K)
 Metaspace       used 26366K, capacity 26868K, committed 27136K, reserved 1073152K
  class space    used 2760K, capacity 2950K, committed 3072K, reserved 1048576K
Heap Regions: E=young(eden), S=young(survivor), O=old, HS=humongous(starts), HC=humongous(continues), CS=collection set, F=free, A=archive, TAMS=top-at-mark-start (previous, next)
|   0|0x0000000081400000, 0x0000000081500000, 0x0000000081500000|100%| O|  |TAMS 0x0000000081500000, 0x0000000081400000| Untracked 
|   1|0x0000000081500000, 0x0000000081600000, 0x0000000081600000|100%| O|  |TAMS 0x0000000081600000, 0x0000000081500000| Untracked 
|   2|0x0000000081600000, 0x0000000081700000, 0x0000000081700000|100%| O|  |TAMS 0x0000000081700000, 0x0000000081600000| Untracked 
|   3|0x0000000081700000, 0x0000000081800000, 0x0000000081800000|100%| O|  |TAMS 0x0000000081800000, 0x0000000081700000| Untracked 
|   4|0x0000000081800000, 0x0000000081900000, 0x0000000081900000|100%| O|  |TAMS 0x0000000081900000, 0x0000000081800000| Untracked 
|   5|0x0000000081900000, 0x0000000081972a00, 0x0000000081a00000| 44%| O|  |TAMS 0x0000000081972a00, 0x0000000081900000| Untracked 
|   6|0x0000000081a00000, 0x0000000081a00000, 0x0000000081b00000|  0%| F|  |TAMS 0x0000000081a00000, 0x0000000081a00000| Untracked 
|   7|0x0000000081b00000, 0x0000000081b00000, 0x0000000081c00000|  0%| F|  |TAMS 0x0000000081b00000, 0x0000000081b00000| Untracked 
|   8|0x0000000081c00000, 0x0000000081c00000, 0x0000000081d00000|  0%| F|  |TAMS 0x0000000081c00000, 0x0000000081c00000| Untracked 
|   9|0x0000000081d00000, 0x0000000081d00000, 0x0000000081e00000|  0%| F|  |TAMS 0x0000000081d00000, 0x0000000081d00000| Untracked 
|  10|0x0000000081e00000, 0x0000000081e00000, 0x0000000081f00000|  0%| F|  |TAMS 0x0000000081e00000, 0x0000000081e00000| Untracked 
|  11|0x0000000081f00000, 0x0000000081f00000, 0x0000000082000000|  0%| F|  |TAMS 0x0000000081f00000, 0x0000000081f00000| Untracked 
|  12|0x0000000082000000, 0x0000000082000000, 0x0000000082100000|  0%| F|  |TAMS 0x0000000082000000, 0x0000000082000000| Untracked 
|  13|0x0000000082100000, 0x0000000082100000, 0x0000000082200000|  0%| F|  |TAMS 0x0000000082100000, 0x0000000082100000| Untracked 
|  14|0x0000000082200000, 0x0000000082200000, 0x0000000082300000|  0%| F|  |TAMS 0x0000000082200000, 0x0000000082200000| Untracked 
|  15|0x0000000082300000, 0x0000000082300000, 0x0000000082400000|  0%| F|  |TAMS 0x0000000082300000, 0x0000000082300000| Untracked 
|  16|0x0000000082400000, 0x0000000082400000, 0x0000000082500000|  0%| F|  |TAMS 0x0000000082400000, 0x0000000082400000| Untracked 
|  17|0x0000000082500000, 0x0000000082500000, 0x0000000082600000|  0%| F|  |TAMS 0x0000000082500000, 0x0000000082500000| Untracked 
|  18|0x0000000082600000, 0x0000000082600000, 0x0000000082700000|  0%| F|  |TAMS 0x0000000082600000, 0x0000000082600000| Untracked 
|  19|0x0000000082700000, 0x0000000082700000, 0x0000000082800000|  0%| F|  |TAMS 0x0000000082700000, 0x0000000082700000| Untracked 
|  20|0x0000000082800000, 0x0000000082800000, 0x0000000082900000|  0%| F|  |TAMS 0x0000000082800000, 0x0000000082800000| Untracked 
|  21|0x0000000082900000, 0x0000000082900000, 0x0000000082a00000|  0%| F|  |TAMS 0x0000000082900000, 0x0000000082900000| Untracked 
|  22|0x0000000082a00000, 0x0000000082a00000, 0x0000000082b00000|  0%| F|  |TAMS 0x0000000082a00000, 0x0000000082a00000| Untracked 
|  23|0x0000000082b00000, 0x0000000082b00000, 0x0000000082c00000|  0%| F|  |TAMS 0x0000000082b00000, 0x0000000082b00000| Untracked 
|  24|0x0000000082c00000, 0x0000000082c00000, 0x0000000082d00000|  0%| F|  |TAMS 0x0000000082c00000, 0x0000000082c00000| Untracked 
|  25|0x0000000082d00000, 0x0000000082d00000, 0x0000000082e00000|  0%| F|  |TAMS 0x0000000082d00000, 0x0000000082d00000| Untracked 
|  26|0x0000000082e00000, 0x0000000082e00000, 0x0000000082f00000|  0%| F|  |TAMS 0x0000000082e00000, 0x0000000082e00000| Untracked 
|  27|0x0000000082f00000, 0x0000000082f00000, 0x0000000083000000|  0%| F|  |TAMS 0x0000000082f00000, 0x0000000082f00000| Untracked 
|  28|0x0000000083000000, 0x0000000083000000, 0x0000000083100000|  0%| F|  |TAMS 0x0000000083000000, 0x0000000083000000| Untracked 
|  29|0x0000000083100000, 0x0000000083100000, 0x0000000083200000|  0%| F|  |TAMS 0x0000000083100000, 0x0000000083100000| Untracked 
|  30|0x0000000083200000, 0x0000000083200000, 0x0000000083300000|  0%| F|  |TAMS 0x0000000083200000, 0x0000000083200000| Untracked 
|  31|0x0000000083300000, 0x0000000083300000, 0x0000000083400000|  0%| F|  |TAMS 0x0000000083300000, 0x0000000083300000| Untracked 
|  32|0x0000000083400000, 0x0000000083400000, 0x0000000083500000|  0%| F|  |TAMS 0x0000000083400000, 0x0000000083400000| Untracked 
|  33|0x0000000083500000, 0x0000000083500000, 0x0000000083600000|  0%| F|  |TAMS 0x0000000083500000, 0x0000000083500000| Untracked 
|  34|0x0000000083600000, 0x0000000083600000, 0x0000000083700000|  0%| F|  |TAMS 0x0000000083600000, 0x0000000083600000| Untracked 
|  35|0x0000000083700000, 0x0000000083700000, 0x0000000083800000|  0%| F|  |TAMS 0x0000000083700000, 0x0000000083700000| Untracked 
|  36|0x0000000083800000, 0x0000000083800000, 0x0000000083900000|  0%| F|  |TAMS 0x0000000083800000, 0x0000000083800000| Untracked 
|  37|0x0000000083900000, 0x0000000083900000, 0x0000000083a00000|  0%| F|  |TAMS 0x0000000083900000, 0x0000000083900000| Untracked 
|  38|0x0000000083a00000, 0x0000000083a00000, 0x0000000083b00000|  0%| F|  |TAMS 0x0000000083a00000, 0x0000000083a00000| Untracked 
|  39|0x0000000083b00000, 0x0000000083b00000, 0x0000000083c00000|  0%| F|  |TAMS 0x0000000083b00000, 0x0000000083b00000| Untracked 
|  40|0x0000000083c00000, 0x0000000083c00000, 0x0000000083d00000|  0%| F|  |TAMS 0x0000000083c00000, 0x0000000083c00000| Untracked 
|  41|0x0000000083d00000, 0x0000000083d00000, 0x0000000083e00000|  0%| F|  |TAMS 0x0000000083d00000, 0x0000000083d00000| Untracked 
|  42|0x0000000083e00000, 0x0000000083e00000, 0x0000000083f00000|  0%| F|  |TAMS 0x0000000083e00000, 0x0000000083e00000| Untracked 
|  43|0x0000000083f00000, 0x0000000083f00000, 0x0000000084000000|  0%| F|  |TAMS 0x0000000083f00000, 0x0000000083f00000| Untracked 
|  44|0x0000000084000000, 0x0000000084000000, 0x0000000084100000|  0%| F|  |TAMS 0x0000000084000000, 0x0000000084000000| Untracked 
|  45|0x0000000084100000, 0x0000000084100000, 0x0000000084200000|  0%| F|  |TAMS 0x0000000084100000, 0x0000000084100000| Untracked 
|  46|0x0000000084200000, 0x0000000084200000, 0x0000000084300000|  0%| F|  |TAMS 0x0000000084200000, 0x0000000084200000| Untracked 
|  47|0x0000000084300000, 0x0000000084300000, 0x0000000084400000|  0%| F|  |TAMS 0x0000000084300000, 0x0000000084300000| Untracked 
|  48|0x0000000084400000, 0x0000000084400000, 0x0000000084500000|  0%| F|  |TAMS 0x0000000084400000, 0x0000000084400000| Untracked 
|  49|0x0000000084500000, 0x0000000084500000, 0x0000000084600000|  0%| F|  |TAMS 0x0000000084500000, 0x0000000084500000| Untracked 
|  50|0x0000000084600000, 0x0000000084600000, 0x0000000084700000|  0%| F|  |TAMS 0x0000000084600000, 0x0000000084600000| Untracked 
|  51|0x0000000084700000, 0x0000000084700000, 0x0000000084800000|  0%| F|  |TAMS 0x0000000084700000, 0x0000000084700000| Untracked 
|  52|0x0000000084800000, 0x0000000084800000, 0x0000000084900000|  0%| F|  |TAMS 0x0000000084800000, 0x0000000084800000| Untracked 
|  53|0x0000000084900000, 0x0000000084900000, 0x0000000084a00000|  0%| F|  |TAMS 0x0000000084900000, 0x0000000084900000| Untracked 
|  54|0x0000000084a00000, 0x0000000084a00000, 0x0000000084b00000|  0%| F|  |TAMS 0x0000000084a00000, 0x0000000084a00000| Untracked 
|  55|0x0000000084b00000, 0x0000000084b00000, 0x0000000084c00000|  0%| F|  |TAMS 0x0000000084b00000, 0x0000000084b00000| Untracked 
|  56|0x0000000084c00000, 0x0000000084c00000, 0x0000000084d00000|  0%| F|  |TAMS 0x0000000084c00000, 0x0000000084c00000| Untracked 
|  57|0x0000000084d00000, 0x0000000084d00000, 0x0000000084e00000|  0%| F|  |TAMS 0x0000000084d00000, 0x0000000084d00000| Untracked 
|  58|0x0000000084e00000, 0x0000000084e00000, 0x0000000084f00000|  0%| F|  |TAMS 0x0000000084e00000, 0x0000000084e00000| Untracked 
|  59|0x0000000084f00000, 0x0000000084f00000, 0x0000000085000000|  0%| F|  |TAMS 0x0000000084f00000, 0x0000000084f00000| Untracked 
|  60|0x0000000085000000, 0x0000000085000000, 0x0000000085100000|  0%| F|  |TAMS 0x0000000085000000, 0x0000000085000000| Untracked 
|  61|0x0000000085100000, 0x0000000085100000, 0x0000000085200000|  0%| F|  |TAMS 0x0000000085100000, 0x0000000085100000| Untracked 
|  62|0x0000000085200000, 0x0000000085200000, 0x0000000085300000|  0%| F|  |TAMS 0x0000000085200000, 0x0000000085200000| Untracked 
|  63|0x0000000085300000, 0x0000000085300000, 0x0000000085400000|  0%| F|  |TAMS 0x0000000085300000, 0x0000000085300000| Untracked 
|  64|0x0000000085400000, 0x0000000085400000, 0x0000000085500000|  0%| F|  |TAMS 0x0000000085400000, 0x0000000085400000| Untracked 
|  65|0x0000000085500000, 0x0000000085500000, 0x0000000085600000|  0%| F|  |TAMS 0x0000000085500000, 0x0000000085500000| Untracked 
|  66|0x0000000085600000, 0x0000000085600000, 0x0000000085700000|  0%| F|  |TAMS 0x0000000085600000, 0x0000000085600000| Untracked 
|  67|0x0000000085700000, 0x0000000085700000, 0x0000000085800000|  0%| F|  |TAMS 0x0000000085700000, 0x0000000085700000| Untracked 
|  68|0x0000000085800000, 0x0000000085800000, 0x0000000085900000|  0%| F|  |TAMS 0x0000000085800000, 0x0000000085800000| Untracked 
|  69|0x0000000085900000, 0x0000000085900000, 0x0000000085a00000|  0%| F|  |TAMS 0x0000000085900000, 0x0000000085900000| Untracked 
|  70|0x0000000085a00000, 0x0000000085a00000, 0x0000000085b00000|  0%| F|  |TAMS 0x0000000085a00000, 0x0000000085a00000| Untracked 
|  71|0x0000000085b00000, 0x0000000085b00000, 0x0000000085c00000|  0%| F|  |TAMS 0x0000000085b00000, 0x0000000085b00000| Untracked 
|  72|0x0000000085c00000, 0x0000000085c00000, 0x0000000085d00000|  0%| F|  |TAMS 0x0000000085c00000, 0x0000000085c00000| Untracked 
|  73|0x0000000085d00000, 0x0000000085d00000, 0x0000000085e00000|  0%| F|  |TAMS 0x0000000085d00000, 0x0000000085d00000| Untracked 
|  74|0x0000000085e00000, 0x0000000085e00000, 0x0000000085f00000|  0%| F|  |TAMS 0x0000000085e00000, 0x0000000085e00000| Untracked 
|  75|0x0000000085f00000, 0x0000000085f00000, 0x0000000086000000|  0%| F|  |TAMS 0x0000000085f00000, 0x0000000085f00000| Untracked 
|  76|0x0000000086000000, 0x0000000086000000, 0x0000000086100000|  0%| F|  |TAMS 0x0000000086000000, 0x0000000086000000| Untracked 
|  77|0x0000000086100000, 0x0000000086100000, 0x0000000086200000|  0%| F|  |TAMS 0x0000000086100000, 0x0000000086100000| Untracked 
|  78|0x0000000086200000, 0x0000000086200000, 0x0000000086300000|  0%| F|  |TAMS 0x0000000086200000, 0x0000000086200000| Untracked 
|  79|0x0000000086300000, 0x0000000086300000, 0x0000000086400000|  0%| F|  |TAMS 0x0000000086300000, 0x0000000086300000| Untracked 
|  80|0x0000000086400000, 0x0000000086400000, 0x0000000086500000|  0%| F|  |TAMS 0x0000000086400000, 0x0000000086400000| Untracked 
|  81|0x0000000086500000, 0x0000000086500000, 0x0000000086600000|  0%| F|  |TAMS 0x0000000086500000, 0x0000000086500000| Untracked 
|  82|0x0000000086600000, 0x0000000086600000, 0x0000000086700000|  0%| F|  |TAMS 0x0000000086600000, 0x0000000086600000| Untracked 
|  83|0x0000000086700000, 0x0000000086700000, 0x0000000086800000|  0%| F|  |TAMS 0x0000000086700000, 0x0000000086700000| Untracked 
|  84|0x0000000086800000, 0x0000000086800000, 0x0000000086900000|  0%| F|  |TAMS 0x0000000086800000, 0x0000000086800000| Untracked 
|  85|0x0000000086900000, 0x0000000086900000, 0x0000000086a00000|  0%| F|  |TAMS 0x0000000086900000, 0x0000000086900000| Untracked 
|  86|0x0000000086a00000, 0x0000000086a00000, 0x0000000086b00000|  0%| F|  |TAMS 0x0000000086a00000, 0x0000000086a00000| Untracked 
|  87|0x0000000086b00000, 0x0000000086b00000, 0x0000000086c00000|  0%| F|  |TAMS 0x0000000086b00000, 0x0000000086b00000| Untracked 
|  88|0x0000000086c00000, 0x0000000086c00000, 0x0000000086d00000|  0%| F|  |TAMS 0x0000000086c00000, 0x0000000086c00000| Untracked 
|  89|0x0000000086d00000, 0x0000000086d00000, 0x0000000086e00000|  0%| F|  |TAMS 0x0000000086d00000, 0x0000000086d00000| Untracked 
|  90|0x0000000086e00000, 0x0000000086e00000, 0x0000000086f00000|  0%| F|  |TAMS 0x0000000086e00000, 0x0000000086e00000| Untracked 
|  91|0x0000000086f00000, 0x0000000086f00000, 0x0000000087000000|  0%| F|  |TAMS 0x0000000086f00000, 0x0000000086f00000| Untracked 
|  92|0x0000000087000000, 0x0000000087000000, 0x0000000087100000|  0%| F|  |TAMS 0x0000000087000000, 0x0000000087000000| Untracked 
|  93|0x0000000087100000, 0x0000000087100000, 0x0000000087200000|  0%| F|  |TAMS 0x0000000087100000, 0x0000000087100000| Untracked 
|  94|0x0000000087200000, 0x0000000087200000, 0x0000000087300000|  0%| F|  |TAMS 0x0000000087200000, 0x0000000087200000| Untracked 
|  95|0x0000000087300000, 0x0000000087300000, 0x0000000087400000|  0%| F|  |TAMS 0x0000000087300000, 0x0000000087300000| Untracked 
|  96|0x0000000087400000, 0x0000000087400000, 0x0000000087500000|  0%| F|  |TAMS 0x0000000087400000, 0x0000000087400000| Untracked 
|  97|0x0000000087500000, 0x0000000087500000, 0x0000000087600000|  0%| F|  |TAMS 0x0000000087500000, 0x0000000087500000| Untracked 
|  98|0x0000000087600000, 0x0000000087600000, 0x0000000087700000|  0%| F|  |TAMS 0x0000000087600000, 0x0000000087600000| Untracked 
|  99|0x0000000087700000, 0x00000000877ec888, 0x0000000087800000| 92%| E|  |TAMS 0x0000000087700000, 0x0000000087700000| Complete 
| 100|0x0000000087800000, 0x0000000087900000, 0x0000000087900000|100%| E|CS|TAMS 0x0000000087800000, 0x0000000087800000| Complete 
| 101|0x0000000087900000, 0x0000000087a00000, 0x0000000087a00000|100%| E|CS|TAMS 0x0000000087900000, 0x0000000087900000| Complete 
| 102|0x0000000087a00000, 0x0000000087b00000, 0x0000000087b00000|100%| E|CS|TAMS 0x0000000087a00000, 0x0000000087a00000| Complete 
| 103|0x0000000087b00000, 0x0000000087c00000, 0x0000000087c00000|100%| E|CS|TAMS 0x0000000087b00000, 0x0000000087b00000| Complete 
| 104|0x0000000087c00000, 0x0000000087d00000, 0x0000000087d00000|100%| E|CS|TAMS 0x0000000087c00000, 0x0000000087c00000| Complete 
| 105|0x0000000087d00000, 0x0000000087e00000, 0x0000000087e00000|100%| E|CS|TAMS 0x0000000087d00000, 0x0000000087d00000| Complete 
| 106|0x0000000087e00000, 0x0000000087f00000, 0x0000000087f00000|100%| E|CS|TAMS 0x0000000087e00000, 0x0000000087e00000| Complete 
| 107|0x0000000087f00000, 0x0000000088000000, 0x0000000088000000|100%| E|CS|TAMS 0x0000000087f00000, 0x0000000087f00000| Complete 
| 108|0x0000000088000000, 0x0000000088100000, 0x0000000088100000|100%| E|CS|TAMS 0x0000000088000000, 0x0000000088000000| Complete 
| 109|0x0000000088100000, 0x0000000088200000, 0x0000000088200000|100%| E|CS|TAMS 0x0000000088100000, 0x0000000088100000| Complete 
| 110|0x0000000088200000, 0x0000000088300000, 0x0000000088300000|100%| E|CS|TAMS 0x0000000088200000, 0x0000000088200000| Complete 
| 111|0x0000000088300000, 0x0000000088400000, 0x0000000088400000|100%| E|CS|TAMS 0x0000000088300000, 0x0000000088300000| Complete 
| 112|0x0000000088400000, 0x0000000088500000, 0x0000000088500000|100%| E|CS|TAMS 0x0000000088400000, 0x0000000088400000| Complete 
| 113|0x0000000088500000, 0x0000000088600000, 0x0000000088600000|100%| E|CS|TAMS 0x0000000088500000, 0x0000000088500000| Complete 
| 114|0x0000000088600000, 0x0000000088700000, 0x0000000088700000|100%| E|CS|TAMS 0x0000000088600000, 0x0000000088600000| Complete 
| 115|0x0000000088700000, 0x0000000088800000, 0x0000000088800000|100%| E|CS|TAMS 0x0000000088700000, 0x0000000088700000| Complete 
| 116|0x0000000088800000, 0x0000000088900000, 0x0000000088900000|100%| E|CS|TAMS 0x0000000088800000, 0x0000000088800000| Complete 
| 117|0x0000000088900000, 0x0000000088a00000, 0x0000000088a00000|100%| E|CS|TAMS 0x0000000088900000, 0x0000000088900000| Complete 
| 118|0x0000000088a00000, 0x0000000088b00000, 0x0000000088b00000|100%| E|CS|TAMS 0x0000000088a00000, 0x0000000088a00000| Complete 
| 119|0x0000000088b00000, 0x0000000088c00000, 0x0000000088c00000|100%| E|CS|TAMS 0x0000000088b00000, 0x0000000088b00000| Complete 
| 120|0x0000000088c00000, 0x0000000088d00000, 0x0000000088d00000|100%| E|CS|TAMS 0x0000000088c00000, 0x0000000088c00000| Complete 
| 121|0x0000000088d00000, 0x0000000088e00000, 0x0000000088e00000|100%| E|CS|TAMS 0x0000000088d00000, 0x0000000088d00000| Complete 
| 122|0x0000000088e00000, 0x0000000088f00000, 0x0000000088f00000|100%| E|CS|TAMS 0x0000000088e00000, 0x0000000088e00000| Complete 
| 123|0x0000000088f00000, 0x0000000088fa51b0, 0x0000000089000000| 64%| S|CS|TAMS 0x0000000088f00000, 0x0000000088f00000| Complete 
| 124|0x0000000089000000, 0x0000000089100000, 0x0000000089100000|100%| S|CS|TAMS 0x0000000089000000, 0x0000000089000000| Complete 
| 125|0x0000000089100000, 0x0000000089200000, 0x0000000089200000|100%| E|CS|TAMS 0x0000000089100000, 0x0000000089100000| Complete 
| 126|0x0000000089200000, 0x0000000089300000, 0x0000000089300000|100%| E|CS|TAMS 0x0000000089200000, 0x0000000089200000| Complete 
| 127|0x0000000089300000, 0x0000000089400000, 0x0000000089400000|100%| E|CS|TAMS 0x0000000089300000, 0x0000000089300000| Complete 

Card table byte_map: [0x000001c13ca00000,0x000001c13ce00000] _byte_map_base: 0x000001c13c5f6000

Marking Bits (Prev, Next): (CMBitMap*) 0x000001c124eb3e70, (CMBitMap*) 0x000001c124eb3e38
 Prev Bits: [0x000001c13f1b0000, 0x000001c141160000)
 Next Bits: [0x000001c13d200000, 0x000001c13f1b0000)

Polling page: 0x000001c122dd0000

Metaspace:

Usage:
  Non-class:     23.42 MB capacity,    23.10 MB ( 99%) used,   270.95 KB (  1%) free+waste,    55.62 KB ( <1%) overhead. 
      Class:      2.91 MB capacity,     2.71 MB ( 93%) used,   182.78 KB (  6%) free+waste,    26.12 KB ( <1%) overhead. 
       Both:     26.33 MB capacity,    25.81 MB ( 98%) used,   453.73 KB (  2%) free+waste,    81.75 KB ( <1%) overhead. 

Virtual space:
  Non-class space:       24.00 MB reserved,      23.50 MB ( 98%) committed 
      Class space:        1.00 GB reserved,       3.00 MB ( <1%) committed 
             Both:        1.02 GB reserved,      26.50 MB (  3%) committed 

Chunk freelists:
   Non-Class:  16.00 KB
       Class:  25.00 KB
        Both:  41.00 KB

MaxMetaspaceSize: 17179869184.00 GB
CompressedClassSpaceSize: 1.00 GB
Initial GC threshold: 20.80 MB
Current GC threshold: 34.79 MB
CDS: off

CodeHeap 'non-profiled nmethods': size=120064Kb used=879Kb max_used=879Kb free=119184Kb
 bounds [0x000001c1350c0000, 0x000001c135330000, 0x000001c13c600000]
CodeHeap 'profiled nmethods': size=120000Kb used=4145Kb max_used=4145Kb free=115854Kb
 bounds [0x000001c12db90000, 0x000001c12dfa0000, 0x000001c1350c0000]
CodeHeap 'non-nmethods': size=5696Kb used=1228Kb max_used=1245Kb free=4467Kb
 bounds [0x000001c12d600000, 0x000001c12d870000, 0x000001c12db90000]
 total_blobs=2564 nmethods=2055 adapters=421
 compilation: enabled
              stopped_count=0, restarted_count=0
 full_count=0

Compilation events (20 events):
Event: 5.412 Thread 0x000001c143eed000 2015       3       com.mysql.cj.conf.AbstractRuntimeProperty::<init> (35 bytes)
Event: 5.412 Thread 0x000001c143eed000 nmethod 2015 0x000001c12df87490 code [0x000001c12df87660, 0x000001c12df87a58]
Event: 5.412 Thread 0x000001c143eed000 2016       3       com.mysql.cj.conf.DefaultPropertySet::addProperty (80 bytes)
Event: 5.413 Thread 0x000001c143eed000 nmethod 2016 0x000001c12df87b90 code [0x000001c12df87dc0, 0x000001c12df88868]
Event: 5.413 Thread 0x000001c143eed000 2018       3       com.mysql.cj.conf.AbstractRuntimeProperty::initializeFrom (108 bytes)
Event: 5.415 Thread 0x000001c143eed000 nmethod 2018 0x000001c12df88b90 code [0x000001c12df88e40, 0x000001c12df8a198]
Event: 5.415 Thread 0x000001c143eed000 2017       3       java.util.Properties::containsKey (9 bytes)
Event: 5.415 Thread 0x000001c143eed000 nmethod 2017 0x000001c12df8a610 code [0x000001c12df8a7e0, 0x000001c12df8a9e8]
Event: 5.427 Thread 0x000001c143eed000 2019       3       java.lang.StringCoding::hasNegatives (25 bytes)
Event: 5.427 Thread 0x000001c143eed000 nmethod 2019 0x000001c12df8ab10 code [0x000001c12df8acc0, 0x000001c12df8aed8]
Event: 5.427 Thread 0x000001c143eed000 2020       3       java.lang.Class::arrayContentsEq (70 bytes)
Event: 5.428 Thread 0x000001c143eed000 nmethod 2020 0x000001c12df8b010 code [0x000001c12df8b1e0, 0x000001c12df8b5d8]
Event: 5.430 Thread 0x000001c143eed000 2021       1       com.mysql.cj.protocol.a.NativeProtocol::getServerSession (5 bytes)
Event: 5.430 Thread 0x000001c143eed000 nmethod 2021 0x000001c135198610 code [0x000001c1351987c0, 0x000001c135198878]
Event: 5.432 Thread 0x000001c143eed000 2023       3       java.nio.ByteBuffer::limit (6 bytes)
Event: 5.432 Thread 0x000001c143eed000 nmethod 2023 0x000001c12df8b710 code [0x000001c12df8b8c0, 0x000001c12df8ba68]
Event: 5.432 Thread 0x000001c143eed000 2024       3       com.mysql.cj.protocol.ReadAheadInputStream::checkClosed (18 bytes)
Event: 5.433 Thread 0x000001c143eed000 nmethod 2024 0x000001c12df8bb10 code [0x000001c12df8bce0, 0x000001c12df8bee8]
Event: 5.433 Thread 0x000001c143eed000 2025       3       java.io.FilterInputStream::read (11 bytes)
Event: 5.433 Thread 0x000001c143eed000 nmethod 2025 0x000001c12df8bf90 code [0x000001c12df8c140, 0x000001c12df8c308]

GC Heap History (8 events):
Event: 2.165 GC heap before
{Heap before GC invocations=0 (full 0):
 garbage-first heap   total 131072K, used 13312K [0x0000000081400000, 0x0000000100000000)
  region size 1024K, 14 young (14336K), 0 survivors (0K)
 Metaspace       used 12490K, capacity 12713K, committed 12800K, reserved 1060864K
  class space    used 1160K, capacity 1238K, committed 1280K, reserved 1048576K
}
Event: 2.176 GC heap after
{Heap after GC invocations=1 (full 0):
 garbage-first heap   total 131072K, used 5424K [0x0000000081400000, 0x0000000100000000)
  region size 1024K, 2 young (2048K), 2 survivors (2048K)
 Metaspace       used 12490K, capacity 12713K, committed 12800K, reserved 1060864K
  class space    used 1160K, capacity 1238K, committed 1280K, reserved 1048576K
}
Event: 2.500 GC heap before
{Heap before GC invocations=1 (full 0):
 garbage-first heap   total 131072K, used 9520K [0x0000000081400000, 0x0000000100000000)
  region size 1024K, 6 young (6144K), 2 survivors (2048K)
 Metaspace       used 14155K, capacity 14382K, committed 14592K, reserved 1062912K
  class space    used 1375K, capacity 1438K, committed 1536K, reserved 1048576K
}
Event: 2.504 GC heap after
{Heap after GC invocations=2 (full 0):
 garbage-first heap   total 131072K, used 6059K [0x0000000081400000, 0x0000000100000000)
  region size 1024K, 1 young (1024K), 1 survivors (1024K)
 Metaspace       used 14155K, capacity 14382K, committed 14592K, reserved 1062912K
  class space    used 1375K, capacity 1438K, committed 1536K, reserved 1048576K
}
Event: 3.867 GC heap before
{Heap before GC invocations=2 (full 0):
 garbage-first heap   total 131072K, used 26539K [0x0000000081400000, 0x0000000100000000)
  region size 1024K, 21 young (21504K), 1 survivors (1024K)
 Metaspace       used 20215K, capacity 20585K, committed 20736K, reserved 1067008K
  class space    used 2081K, capacity 2206K, committed 2304K, reserved 1048576K
}
Event: 3.871 GC heap after
{Heap after GC invocations=3 (full 0):
 garbage-first heap   total 131072K, used 6997K [0x0000000081400000, 0x0000000100000000)
  region size 1024K, 2 young (2048K), 2 survivors (2048K)
 Metaspace       used 20215K, capacity 20585K, committed 20736K, reserved 1067008K
  class space    used 2081K, capacity 2206K, committed 2304K, reserved 1048576K
}
Event: 3.998 GC heap before
{Heap before GC invocations=3 (full 0):
 garbage-first heap   total 131072K, used 9045K [0x0000000081400000, 0x0000000100000000)
  region size 1024K, 5 young (5120K), 2 survivors (2048K)
 Metaspace       used 20738K, capacity 21062K, committed 21248K, reserved 1069056K
  class space    used 2149K, capacity 2281K, committed 2304K, reserved 1048576K
}
Event: 4.001 GC heap after
{Heap after GC invocations=4 (full 0):
 garbage-first heap   total 131072K, used 7262K [0x0000000081400000, 0x0000000100000000)
  region size 1024K, 2 young (2048K), 2 survivors (2048K)
 Metaspace       used 20738K, capacity 21062K, committed 21248K, reserved 1069056K
  class space    used 2149K, capacity 2281K, committed 2304K, reserved 1048576K
}

Deoptimization events (20 events):
Event: 5.133 Thread 0x000001c124e72800 Uncommon trap: trap_request=0xffffff4d fr.pc=0x000001c1350f3ce8 relative=0x00000000000004a8
Event: 5.133 Thread 0x000001c124e72800 Uncommon trap: reason=unstable_if action=reinterpret pc=0x000001c1350f3ce8 method=java.lang.AbstractStringBuilder.putStringAt(ILjava/lang/String;)V @ 8 c2
Event: 5.133 Thread 0x000001c124e72800 DEOPT PACKING pc=0x000001c1350f3ce8 sp=0x0000004c7d8f9d40
Event: 5.133 Thread 0x000001c124e72800 DEOPT UNPACKING pc=0x000001c12d64a1af sp=0x0000004c7d8f9c48 mode 2
Event: 5.133 Thread 0x000001c124e72800 Uncommon trap: trap_request=0xffffff4d fr.pc=0x000001c1351153c8 relative=0x0000000000000408
Event: 5.133 Thread 0x000001c124e72800 Uncommon trap: reason=unstable_if action=reinterpret pc=0x000001c1351153c8 method=java.lang.AbstractStringBuilder.isLatin1()Z @ 10 c2
Event: 5.133 Thread 0x000001c124e72800 DEOPT PACKING pc=0x000001c1351153c8 sp=0x0000004c7d8f9d60
Event: 5.133 Thread 0x000001c124e72800 DEOPT UNPACKING pc=0x000001c12d64a1af sp=0x0000004c7d8f9ce0 mode 2
Event: 5.133 Thread 0x000001c124e72800 Uncommon trap: trap_request=0xffffff4d fr.pc=0x000001c13512a684 relative=0x00000000000004a4
Event: 5.133 Thread 0x000001c124e72800 Uncommon trap: reason=unstable_if action=reinterpret pc=0x000001c13512a684 method=java.lang.AbstractStringBuilder.putStringAt(ILjava/lang/String;)V @ 8 c2
Event: 5.133 Thread 0x000001c124e72800 DEOPT PACKING pc=0x000001c13512a684 sp=0x0000004c7d8f9ce0
Event: 5.133 Thread 0x000001c124e72800 DEOPT UNPACKING pc=0x000001c12d64a1af sp=0x0000004c7d8f9c50 mode 2
Event: 5.157 Thread 0x000001c124e72800 Uncommon trap: trap_request=0xffffffc6 fr.pc=0x000001c13512338c relative=0x0000000000000a6c
Event: 5.157 Thread 0x000001c124e72800 Uncommon trap: reason=bimorphic_or_optimized_type_check action=maybe_recompile pc=0x000001c13512338c method=java.util.HashMap.putVal(ILjava/lang/Object;Ljava/lang/Object;ZZ)Ljava/lang/Object; @ 203 c2
Event: 5.157 Thread 0x000001c124e72800 DEOPT PACKING pc=0x000001c13512338c sp=0x0000004c7d8fa8c0
Event: 5.157 Thread 0x000001c124e72800 DEOPT UNPACKING pc=0x000001c12d64a1af sp=0x0000004c7d8fa860 mode 2
Event: 5.256 Thread 0x000001c124e72800 Uncommon trap: trap_request=0xffffff4d fr.pc=0x000001c1350d3980 relative=0x0000000000000160
Event: 5.256 Thread 0x000001c124e72800 Uncommon trap: reason=unstable_if action=reinterpret pc=0x000001c1350d3980 method=java.lang.StringCoding.hasNegatives([BII)Z @ 12 c2
Event: 5.256 Thread 0x000001c124e72800 DEOPT PACKING pc=0x000001c1350d3980 sp=0x0000004c7d8fae30
Event: 5.256 Thread 0x000001c124e72800 DEOPT UNPACKING pc=0x000001c12d64a1af sp=0x0000004c7d8fadc0 mode 2

Classes redefined (0 events):
No events

Internal exceptions (20 events):
Event: 4.351 Thread 0x000001c124e72800 Exception <a 'java/lang/ClassNotFoundException'{0x0000000088c2dcb0}: com/bark/service/BoardServiceBeanInfo> (0x0000000088c2dcb0) thrown at [s\src\hotspot\share\classfile\systemDictionary.cpp, line 230]
Event: 4.354 Thread 0x000001c124e72800 Exception <a 'java/lang/ClassNotFoundException'{0x0000000088c3c948}: com/bark/service/BoardServiceCustomizer> (0x0000000088c3c948) thrown at [s\src\hotspot\share\classfile\systemDictionary.cpp, line 230]
Event: 4.425 Thread 0x000001c124e72800 Exception <a 'java/lang/ClassNotFoundException'{0x0000000088b67290}: org/mybatis/spring/mapper/MapperFactoryBeanBeanInfo> (0x0000000088b67290) thrown at [s\src\hotspot\share\classfile\systemDictionary.cpp, line 230]
Event: 4.428 Thread 0x000001c124e72800 Exception <a 'java/lang/ClassNotFoundException'{0x0000000088b787d8}: org/mybatis/spring/support/SqlSessionDaoSupportBeanInfo> (0x0000000088b787d8) thrown at [s\src\hotspot\share\classfile\systemDictionary.cpp, line 230]
Event: 4.432 Thread 0x000001c124e72800 Exception <a 'java/lang/ClassNotFoundException'{0x0000000088b89520}: org/springframework/dao/support/DaoSupportBeanInfo> (0x0000000088b89520) thrown at [s\src\hotspot\share\classfile\systemDictionary.cpp, line 230]
Event: 4.435 Thread 0x000001c124e72800 Exception <a 'java/lang/ClassNotFoundException'{0x0000000088b9a550}: org/springframework/dao/support/DaoSupportCustomizer> (0x0000000088b9a550) thrown at [s\src\hotspot\share\classfile\systemDictionary.cpp, line 230]
Event: 4.439 Thread 0x000001c124e72800 Exception <a 'java/lang/ClassNotFoundException'{0x0000000088bad8a8}: org/mybatis/spring/support/SqlSessionDaoSupportCustomizer> (0x0000000088bad8a8) thrown at [s\src\hotspot\share\classfile\systemDictionary.cpp, line 230]
Event: 4.444 Thread 0x000001c124e72800 Exception <a 'java/lang/ClassNotFoundException'{0x0000000088bc38d0}: org/mybatis/spring/mapper/MapperFactoryBeanCustomizer> (0x0000000088bc38d0) thrown at [s\src\hotspot\share\classfile\systemDictionary.cpp, line 230]
Event: 4.455 Thread 0x000001c124e72800 Exception <a 'java/lang/ClassNotFoundException'{0x0000000088bf9440}: org/springframework/beans/factory/FactoryBeanBeanInfo> (0x0000000088bf9440) thrown at [s\src\hotspot\share\classfile\systemDictionary.cpp, line 230]
Event: 4.457 Thread 0x000001c124e72800 Exception <a 'java/lang/ClassNotFoundException'{0x0000000088a0ae38}: org/springframework/beans/factory/FactoryBeanCustomizer> (0x0000000088a0ae38) thrown at [s\src\hotspot\share\classfile\systemDictionary.cpp, line 230]
Event: 4.484 Thread 0x000001c124e72800 Exception <a 'java/lang/ClassNotFoundException'{0x0000000088a65f58}: com/zaxxer/hikari/HikariConfigBeanInfo> (0x0000000088a65f58) thrown at [s\src\hotspot\share\classfile\systemDictionary.cpp, line 230]
Event: 4.487 Thread 0x000001c124e72800 Exception <a 'java/lang/ClassNotFoundException'{0x0000000088a75c60}: com/zaxxer/hikari/HikariConfigCustomizer> (0x0000000088a75c60) thrown at [s\src\hotspot\share\classfile\systemDictionary.cpp, line 230]
Event: 4.495 Thread 0x000001c124e72800 Exception <a 'java/lang/ClassNotFoundException'{0x0000000088ab9c10}: com/zaxxer/hikari/HikariConfigMXBeanBeanInfo> (0x0000000088ab9c10) thrown at [s\src\hotspot\share\classfile\systemDictionary.cpp, line 230]
Event: 4.499 Thread 0x000001c124e72800 Exception <a 'java/lang/ClassNotFoundException'{0x0000000088aca7a0}: com/zaxxer/hikari/HikariConfigMXBeanCustomizer> (0x0000000088aca7a0) thrown at [s\src\hotspot\share\classfile\systemDictionary.cpp, line 230]
Event: 5.302 Thread 0x000001c124e72800 Exception <a 'java/lang/ClassNotFoundException'{0x0000000087ce8618}: org/mybatis/spring/SqlSessionFactoryBeanBeanInfo> (0x0000000087ce8618) thrown at [s\src\hotspot\share\classfile\systemDictionary.cpp, line 230]
Event: 5.307 Thread 0x000001c124e72800 Exception <a 'java/lang/ClassNotFoundException'{0x0000000087cf90c0}: org/mybatis/spring/SqlSessionFactoryBeanCustomizer> (0x0000000087cf90c0) thrown at [s\src\hotspot\share\classfile\systemDictionary.cpp, line 230]
Event: 5.322 Thread 0x000001c124e72800 Exception <a 'java/lang/ClassNotFoundException'{0x0000000087bbad70}: org/springframework/context/ApplicationListenerBeanInfo> (0x0000000087bbad70) thrown at [s\src\hotspot\share\classfile\systemDictionary.cpp, line 230]
Event: 5.328 Thread 0x000001c124e72800 Exception <a 'java/lang/ClassNotFoundException'{0x0000000087bcc358}: org/springframework/context/ApplicationListenerCustomizer> (0x0000000087bcc358) thrown at [s\src\hotspot\share\classfile\systemDictionary.cpp, line 230]
Event: 5.331 Thread 0x000001c124e72800 Exception <a 'java/lang/ClassNotFoundException'{0x0000000087bcec40}: java/util/EventListenerBeanInfo> (0x0000000087bcec40) thrown at [s\src\hotspot\share\classfile\systemDictionary.cpp, line 230]
Event: 5.331 Thread 0x000001c124e72800 Exception <a 'java/lang/ClassNotFoundException'{0x0000000087bcfef8}: java/util/EventListenerCustomizer> (0x0000000087bcfef8) thrown at [s\src\hotspot\share\classfile\systemDictionary.cpp, line 230]

Events (20 events):
Event: 5.421 loading class org/apache/ibatis/type/UnknownTypeHandler done
Event: 5.423 loading class org/apache/ibatis/executor/result/ResultMapException
Event: 5.423 loading class org/apache/ibatis/executor/result/ResultMapException done
Event: 5.425 loading class org/apache/ibatis/type/ObjectTypeHandler
Event: 5.425 loading class org/apache/ibatis/type/ObjectTypeHandler done
Event: 5.427 loading class org/apache/ibatis/type/TypeHandlerRegistry
Event: 5.427 loading class org/apache/ibatis/type/TypeHandlerRegistry done
Event: 5.427 loading class org/apache/ibatis/type/TypeHandlerRegistry
Event: 5.427 loading class org/apache/ibatis/type/TypeHandlerRegistry done
Event: 5.427 loading class org/apache/ibatis/session/Configuration
Event: 5.427 loading class org/apache/ibatis/session/Configuration done
Event: 5.428 loading class org/apache/ibatis/type/BooleanTypeHandler
Event: 5.428 loading class org/apache/ibatis/type/BooleanTypeHandler done
Event: 5.430 loading class org/apache/ibatis/type/MappedJdbcTypes
Event: 5.430 loading class org/apache/ibatis/type/MappedJdbcTypes done
Event: 5.431 Loaded shared library C:\Programs\Java\jdk-11.0.22.7-hotspot\bin\java.dll
Event: 5.432 loading class org/apache/ibatis/type/ByteTypeHandler
Event: 5.432 loading class org/apache/ibatis/type/ByteTypeHandler done
Event: 5.433 Executing VM operation: RevokeBias
Event: 5.434 Executing VM operation: RevokeBias done


Dynamic libraries:
0x00007ff6b5d70000 - 0x00007ff6b5d7e000 	C:\Programs\Java\jdk-11.0.22.7-hotspot\bin\javaw.exe
0x00007fff06390000 - 0x00007fff06588000 	C:\WINDOWS\SYSTEM32\ntdll.dll
0x00007fff05460000 - 0x00007fff0551d000 	C:\WINDOWS\System32\KERNEL32.DLL
0x00007fff03de0000 - 0x00007fff040d6000 	C:\WINDOWS\System32\KERNELBASE.dll
0x00007fff03b00000 - 0x00007fff03c00000 	C:\WINDOWS\System32\ucrtbase.dll
0x00007ffef9a40000 - 0x00007ffef9a57000 	C:\Programs\Java\jdk-11.0.22.7-hotspot\bin\jli.dll
0x00007fff06060000 - 0x00007fff061ff000 	C:\WINDOWS\System32\USER32.dll
0x00007ffefce80000 - 0x00007ffefce9b000 	C:\Programs\Java\jdk-11.0.22.7-hotspot\bin\VCRUNTIME140.dll
0x00007fff03a40000 - 0x00007fff03a62000 	C:\WINDOWS\System32\win32u.dll
0x00007fff052e0000 - 0x00007fff0530b000 	C:\WINDOWS\System32\GDI32.dll
0x00007fff03cc0000 - 0x00007fff03dd7000 	C:\WINDOWS\System32\gdi32full.dll
0x00007fff04240000 - 0x00007fff042dd000 	C:\WINDOWS\System32\msvcp_win.dll
0x00007ffef6080000 - 0x00007ffef631a000 	C:\WINDOWS\WinSxS\amd64_microsoft.windows.common-controls_6595b64144ccf1df_6.0.19041.3636_none_60b6a03d71f818d5\COMCTL32.dll
0x00007fff05520000 - 0x00007fff055be000 	C:\WINDOWS\System32\msvcrt.dll
0x00007fff04490000 - 0x00007fff044c2000 	C:\WINDOWS\System32\IMM32.DLL
0x00007ffefcf40000 - 0x00007ffefcf4c000 	C:\Programs\Java\jdk-11.0.22.7-hotspot\bin\vcruntime140_1.dll
0x00007ffedea30000 - 0x00007ffedeabd000 	C:\Programs\Java\jdk-11.0.22.7-hotspot\bin\msvcp140.dll
0x00007ffeb7870000 - 0x00007ffeb8432000 	C:\Programs\Java\jdk-11.0.22.7-hotspot\bin\server\jvm.dll
0x00007fff04cb0000 - 0x00007fff04d60000 	C:\WINDOWS\System32\ADVAPI32.dll
0x00007fff055c0000 - 0x00007fff05660000 	C:\WINDOWS\System32\sechost.dll
0x00007fff051b0000 - 0x00007fff052d3000 	C:\WINDOWS\System32\RPCRT4.dll
0x00007fff042e0000 - 0x00007fff04307000 	C:\WINDOWS\System32\bcrypt.dll
0x00007fff05310000 - 0x00007fff05318000 	C:\WINDOWS\System32\PSAPI.DLL
0x00007ffef3020000 - 0x00007ffef3047000 	C:\WINDOWS\SYSTEM32\WINMM.dll
0x00007fff011a0000 - 0x00007fff011a9000 	C:\WINDOWS\SYSTEM32\WSOCK32.dll
0x00007ffeeff30000 - 0x00007ffeeff3a000 	C:\WINDOWS\SYSTEM32\VERSION.dll
0x00007fff05ff0000 - 0x00007fff0605b000 	C:\WINDOWS\System32\WS2_32.dll
0x00007fff018d0000 - 0x00007fff018e2000 	C:\WINDOWS\SYSTEM32\kernel.appcore.dll
0x00007ffefcfb0000 - 0x00007ffefcfc0000 	C:\Programs\Java\jdk-11.0.22.7-hotspot\bin\verify.dll
0x00007ffef3ef0000 - 0x00007ffef40d4000 	C:\WINDOWS\SYSTEM32\DBGHELP.DLL
0x00007ffef3d50000 - 0x00007ffef3d84000 	C:\WINDOWS\SYSTEM32\dbgcore.DLL
0x00007fff03a70000 - 0x00007fff03af2000 	C:\WINDOWS\System32\bcryptPrimitives.dll
0x00007ffef9a60000 - 0x00007ffef9a88000 	C:\Programs\Java\jdk-11.0.22.7-hotspot\bin\java.dll
0x00007ffefcfa0000 - 0x00007ffefcfaa000 	C:\Programs\Java\jdk-11.0.22.7-hotspot\bin\jimage.dll
0x00007ffef9470000 - 0x00007ffef9488000 	C:\Programs\Java\jdk-11.0.22.7-hotspot\bin\zip.dll
0x00007fff05660000 - 0x00007fff05dcb000 	C:\WINDOWS\System32\SHELL32.dll
0x00007fff01ad0000 - 0x00007fff0226e000 	C:\WINDOWS\SYSTEM32\windows.storage.dll
0x00007fff04e50000 - 0x00007fff051a3000 	C:\WINDOWS\System32\combase.dll
0x00007fff033a0000 - 0x00007fff033ce000 	C:\WINDOWS\SYSTEM32\Wldp.dll
0x00007fff043c0000 - 0x00007fff0448d000 	C:\WINDOWS\System32\OLEAUT32.dll
0x00007fff04b20000 - 0x00007fff04bcd000 	C:\WINDOWS\System32\SHCORE.dll
0x00007fff06260000 - 0x00007fff062b5000 	C:\WINDOWS\System32\shlwapi.dll
0x00007fff03970000 - 0x00007fff03993000 	C:\WINDOWS\SYSTEM32\profapi.dll
0x00007fff011b0000 - 0x00007fff011c9000 	C:\Programs\Java\jdk-11.0.22.7-hotspot\bin\net.dll
0x00007ffef7600000 - 0x00007ffef770a000 	C:\WINDOWS\SYSTEM32\WINHTTP.dll
0x00007fff03100000 - 0x00007fff0316a000 	C:\WINDOWS\system32\mswsock.dll
0x00007ffeff6c0000 - 0x00007ffeff6d2000 	C:\Programs\Java\jdk-11.0.22.7-hotspot\bin\nio.dll
0x00007fff02e20000 - 0x00007fff02eeb000 	C:\WINDOWS\SYSTEM32\DNSAPI.dll
0x00007fff02de0000 - 0x00007fff02e1b000 	C:\WINDOWS\SYSTEM32\IPHLPAPI.DLL
0x00007fff06340000 - 0x00007fff06348000 	C:\WINDOWS\System32\NSI.dll
0x00007ffef3210000 - 0x00007ffef321a000 	C:\Windows\System32\rasadhlp.dll
0x00007ffef3cd0000 - 0x00007ffef3d50000 	C:\WINDOWS\System32\fwpuclnt.dll

dbghelp: loaded successfully - version: 4.0.5 - missing functions: none
symbol engine: initialized successfully - sym options: 0x614 - pdb path: .;C:\Programs\Java\jdk-11.0.22.7-hotspot\bin;C:\WINDOWS\SYSTEM32;C:\WINDOWS\WinSxS\amd64_microsoft.windows.common-controls_6595b64144ccf1df_6.0.19041.3636_none_60b6a03d71f818d5;C:\Programs\Java\jdk-11.0.22.7-hotspot\bin\server

VM Arguments:
jvm_args: -ea -Dfile.encoding=UTF-8 
java_command: org.eclipse.jdt.internal.junit.runner.RemoteTestRunner -version 3 -port 9442 -testLoaderClass org.eclipse.jdt.internal.junit4.runner.JUnit4TestLoader -loaderpluginname org.eclipse.jdt.junit4.runtime -test com.bark.service.BoardServiceTest:searchList
java_class_path (initial): C:\git_copy\bark\Project-Bark\Spring\mySpring\target\test-classes;C:\git_copy\bark\Project-Bark\Spring\mySpring\target\classes;C:\Programs\apache-tomcat-9.0.87\lib\annotations-api.jar;C:\Programs\apache-tomcat-9.0.87\lib\catalina-ant.jar;C:\Programs\apache-tomcat-9.0.87\lib\catalina-ha.jar;C:\Programs\apache-tomcat-9.0.87\lib\catalina-ssi.jar;C:\Programs\apache-tomcat-9.0.87\lib\catalina-storeconfig.jar;C:\Programs\apache-tomcat-9.0.87\lib\catalina-tribes.jar;C:\Programs\apache-tomcat-9.0.87\lib\catalina.jar;C:\Programs\apache-tomcat-9.0.87\lib\ecj-4.20.jar;C:\Programs\apache-tomcat-9.0.87\lib\el-api.jar;C:\Programs\apache-tomcat-9.0.87\lib\jasper-el.jar;C:\Programs\apache-tomcat-9.0.87\lib\jasper.jar;C:\Programs\apache-tomcat-9.0.87\lib\jaspic-api.jar;C:\Programs\apache-tomcat-9.0.87\lib\jsp-api.jar;C:\Programs\apache-tomcat-9.0.87\lib\servlet-api.jar;C:\Programs\apache-tomcat-9.0.87\lib\tomcat-api.jar;C:\Programs\apache-tomcat-9.0.87\lib\tomcat-coyote.jar;C:\Programs\apache-tomcat-9.0.87\lib\tomcat-dbcp.jar;C:\Programs\apache-tomcat-9.0.87\lib\tomcat-i18n-cs.jar;C:\Programs\apache-tomcat-9.0.87\lib\tomcat-i18n-de.jar;C:\Programs\apache-tomcat-9.0.87\lib\tomcat-i18n-es.jar;C:\Programs\apache-tomcat-9.0.87\lib\tomcat-i18n-fr.jar;C:\Programs\apache-tomcat-9.0.87\lib\tomcat-i18n-ja.jar;C:\Programs\apache-tomcat-9.0.87\lib\tomcat-i18n-ko.jar;C:\Programs\apache-tomcat-9.0.87\lib\tomcat-i18n-pt-BR.jar;C:\Programs\apache-tomcat-9.0.87\lib\tomcat-i18n-ru.jar;C:\Programs\apache-tomcat-9.0.87\lib\tomcat-i18n-zh-CN.jar;C:\Programs\apache-tomcat-9.0.87\lib\tomcat-jdbc.jar;C:\Programs\apache-tomcat-9.0.87\lib\tomcat-jni.jar;C:\Programs\apache-tomcat-9.0.87\lib\tomcat-util-scan.jar;C:\Programs\apache-tomcat-9.0.87\lib\tomcat-util.jar;C:\Programs\apache-tomcat-9.0.87\lib\tomcat-websocket.jar;C:\Programs\apache-tomcat-9.0.87\lib\websocket-api.jar;C:\Programs\sts-bundle\sts-3.9.18.RELEASE\plugins\org.junit_4.13.0.v20200204-1500.jar;C:\Programs\sts-bundl
Launcher Type: SUN_STANDARD

[Global flags]
     intx CICompilerCount                          = 3                                         {product} {ergonomic}
     uint ConcGCThreads                            = 1                                         {product} {ergonomic}
     uint G1ConcRefinementThreads                  = 4                                         {product} {ergonomic}
   size_t G1HeapRegionSize                         = 1048576                                   {product} {ergonomic}
    uintx GCDrainStackTargetSize                   = 64                                        {product} {ergonomic}
   size_t InitialHeapSize                          = 134217728                                 {product} {ergonomic}
   size_t MarkStackSize                            = 4194304                                   {product} {ergonomic}
   size_t MaxHeapSize                              = 2126512128                                {product} {ergonomic}
   size_t MaxNewSize                               = 1275068416                                {product} {ergonomic}
   size_t MinHeapDeltaBytes                        = 1048576                                   {product} {ergonomic}
    uintx NonNMethodCodeHeapSize                   = 5830732                                {pd product} {ergonomic}
    uintx NonProfiledCodeHeapSize                  = 122913754                              {pd product} {ergonomic}
    uintx ProfiledCodeHeapSize                     = 122913754                              {pd product} {ergonomic}
    uintx ReservedCodeCacheSize                    = 251658240                              {pd product} {ergonomic}
     bool SegmentedCodeCache                       = true                                      {product} {ergonomic}
     bool UseCompressedClassPointers               = true                                 {lp64_product} {ergonomic}
     bool UseCompressedOops                        = true                                 {lp64_product} {ergonomic}
     bool UseG1GC                                  = true                                      {product} {ergonomic}
     bool UseLargePagesIndividualAllocation        = false                                  {pd product} {ergonomic}

Logging:
Log output configuration:
 #0: stdout all=warning uptime,level,tags
 #1: stderr all=off uptime,level,tags

Environment Variables:
PATH=C:/Programs/Java/jdk-11.0.22.7-hotspot/bin/server;C:/Programs/Java/jdk-11.0.22.7-hotspot/bin;C:\Programs\Java\jdk-11.0.22.7-hotspot\bin;C:\WINDOWS\system32;C:\WINDOWS;C:\WINDOWS\System32\Wbem;C:\WINDOWS\System32\WindowsPowerShell\v1.0\;C:\WINDOWS\System32\OpenSSH\;C:\Programs\Microsoft VS Code\bin;C:\Program Files\Git\cmd;C:\Programs\Java\jdk-8.0.402.6-hotspot\bin;C:\Program Files\MySQL\MySQL Shell 8.0\bin\;C:\Users\Lena\AppData\Local\Microsoft\WindowsApps;;C:\Program Files\JetBrains\IntelliJ IDEA Community Edition 2023.3.4\bin;;C:\Programs\sts-bundle\sts-3.9.18.RELEASE;
USERNAME=Lena
OS=Windows_NT
PROCESSOR_IDENTIFIER=Intel64 Family 6 Model 42 Stepping 7, GenuineIntel
TMP=C:\Users\Lena\AppData\Local\Temp
TEMP=C:\Users\Lena\AppData\Local\Temp



---------------  S Y S T E M  ---------------

OS: Windows 10 , 64 bit Build 19041 (10.0.19041.3636)
OS uptime: 5 days 19:38 hours

CPU:total 4 (initial active 4) (2 cores per cpu, 2 threads per core) family 6 model 42 stepping 7 microcode 0x2f, cmov, cx8, fxsr, mmx, sse, sse2, sse3, ssse3, sse4.1, sse4.2, popcnt, avx, aes, clmul, ht, tsc, tscinvbit

Memory: 4k page, system-wide physical 8105M (688M free)
TotalPageFile size 15595M (AvailPageFile size 4M)
current process WorkingSet (physical memory assigned to process): 122M, peak: 122M
current process commit charge ("private bytes"): 248M, peak: 248M

vm_info: OpenJDK 64-Bit Server VM (11.0.22+7) for windows-amd64 JRE (11.0.22+7), built on Jan 16 2024 23:15:30 by "" with MS VC++ 16.10 / 16.11 (VS2019)

END.
