#
# There is insufficient memory for the Java Runtime Environment to continue.
# Native memory allocation (malloc) failed to allocate 32744 bytes for ChunkPool::allocate
# Possible reasons:
#   The system is out of physical RAM or swap space
#   The process is running with CompressedOops enabled, and the Java Heap may be blocking the growth of the native heap
# Possible solutions:
#   Reduce memory load on the system
#   Increase physical memory or swap space
#   Check if swap backing store is full
#   Decrease Java heap size (-Xmx/-Xms)
#   Decrease number of Java threads
#   Decrease Java thread stack sizes (-Xss)
#   Set larger code cache with -XX:ReservedCodeCacheSize=
#   JVM is running with Unscaled Compressed Oops mode in which the Java heap is
#     placed in the first 4GB address space. The Java Heap base address is the
#     maximum limit for the native heap growth. Please use -XX:HeapBaseMinAddress
#     to set the Java Heap base and to place the Java Heap above 4GB virtual address.
# This output file may be truncated or incomplete.
#
#  Out of Memory Error (arena.cpp:81), pid=2756, tid=10736
#
# JRE version: OpenJDK Runtime Environment Temurin-11.0.22+7 (11.0.22+7) (build 11.0.22+7)
# Java VM: OpenJDK 64-Bit Server VM Temurin-11.0.22+7 (11.0.22+7, mixed mode, tiered, compressed oops, g1 gc, windows-amd64)
# No core dump will be written. Minidumps are not enabled by default on client versions of Windows
#

---------------  S U M M A R Y ------------

Command Line: -ea -Dfile.encoding=UTF-8 org.eclipse.jdt.internal.junit.runner.RemoteTestRunner -version 3 -port 9487 -testLoaderClass org.eclipse.jdt.internal.junit4.runner.JUnit4TestLoader -loaderpluginname org.eclipse.jdt.junit4.runtime -test com.bark.service.BoardServiceTest:searchList

Host: Intel(R) Core(TM) i5-2430M CPU @ 2.40GHz, 4 cores, 7G,  Windows 10 , 64 bit Build 19041 (10.0.19041.3636)
Time: Fri Apr 19 12:20:18 2024  Windows 10 , 64 bit Build 19041 (10.0.19041.3636) elapsed time: 3.275100 seconds (0d 0h 0m 3s)

---------------  T H R E A D  ---------------

Current thread (0x00000208cc42b000):  JavaThread "C2 CompilerThread1" daemon [_thread_in_native, id=10736, stack(0x00000047a0e00000,0x00000047a0f00000)]


Current CompileTask:
C2:   3275 1654       4       jdk.internal.loader.URLClassPath::getResource (74 bytes)

Stack: [0x00000047a0e00000,0x00000047a0f00000]
Native frames: (J=compiled Java code, j=interpreted, Vv=VM code, C=native code)
V  [jvm.dll+0x64590a]
V  [jvm.dll+0x7d9429]
V  [jvm.dll+0x7dab29]
V  [jvm.dll+0x7db213]
V  [jvm.dll+0x269675]
V  [jvm.dll+0xc1e1f]
V  [jvm.dll+0xc216c]
V  [jvm.dll+0x37f560]
V  [jvm.dll+0x37ea51]
V  [jvm.dll+0x37ea94]
V  [jvm.dll+0x534abc]
V  [jvm.dll+0x53532a]
V  [jvm.dll+0x344944]
V  [jvm.dll+0x343cea]
V  [jvm.dll+0x2216df]
V  [jvm.dll+0x2206e8]
V  [jvm.dll+0x19e4b1]
V  [jvm.dll+0x230799]
V  [jvm.dll+0x22e90f]
V  [jvm.dll+0x79a621]
V  [jvm.dll+0x7932f4]
V  [jvm.dll+0x6446c5]
C  [ucrtbase.dll+0x21bb2]
C  [KERNEL32.DLL+0x17344]
C  [ntdll.dll+0x526b1]


---------------  P R O C E S S  ---------------

Threads class SMR info:
_java_thread_list=0x00000208cbe86a50, length=12, elements={
0x00000208ac213000, 0x00000208ca9fe000, 0x00000208caa06800, 0x00000208cb30c800,
0x00000208cb30d000, 0x00000208cb316000, 0x00000208caa28800, 0x00000208caa2e800,
0x00000208cb31f000, 0x00000208cb4aa800, 0x00000208cb997800, 0x00000208cc42b000
}

Java Threads: ( => current thread )
  0x00000208ac213000 JavaThread "main" [_thread_in_vm, id=11832, stack(0x000000479fc00000,0x000000479fd00000)]
  0x00000208ca9fe000 JavaThread "Reference Handler" daemon [_thread_blocked, id=10940, stack(0x00000047a0300000,0x00000047a0400000)]
  0x00000208caa06800 JavaThread "Finalizer" daemon [_thread_blocked, id=12892, stack(0x00000047a0400000,0x00000047a0500000)]
  0x00000208cb30c800 JavaThread "Signal Dispatcher" daemon [_thread_blocked, id=18304, stack(0x00000047a0500000,0x00000047a0600000)]
  0x00000208cb30d000 JavaThread "Attach Listener" daemon [_thread_blocked, id=15084, stack(0x00000047a0600000,0x00000047a0700000)]
  0x00000208cb316000 JavaThread "Service Thread" daemon [_thread_blocked, id=7944, stack(0x00000047a0700000,0x00000047a0800000)]
  0x00000208caa28800 JavaThread "C2 CompilerThread0" daemon [_thread_blocked, id=2304, stack(0x00000047a0800000,0x00000047a0900000)]
  0x00000208caa2e800 JavaThread "C1 CompilerThread0" daemon [_thread_blocked, id=13304, stack(0x00000047a0900000,0x00000047a0a00000)]
  0x00000208cb31f000 JavaThread "Sweeper thread" daemon [_thread_blocked, id=4576, stack(0x00000047a0a00000,0x00000047a0b00000)]
  0x00000208cb4aa800 JavaThread "Common-Cleaner" daemon [_thread_blocked, id=6516, stack(0x00000047a0c00000,0x00000047a0d00000)]
  0x00000208cb997800 JavaThread "ReaderThread" [_thread_in_native, id=12056, stack(0x00000047a0d00000,0x00000047a0e00000)]
=>0x00000208cc42b000 JavaThread "C2 CompilerThread1" daemon [_thread_in_native, id=10736, stack(0x00000047a0e00000,0x00000047a0f00000)]

Other Threads:
  0x00000208ca9fb000 VMThread "VM Thread" [stack: 0x00000047a0200000,0x00000047a0300000] [id=14604]
  0x00000208cb4a3800 WatcherThread [stack: 0x00000047a0b00000,0x00000047a0c00000] [id=14504]
  0x00000208ac229000 GCTaskThread "GC Thread#0" [stack: 0x000000479fd00000,0x000000479fe00000] [id=13800]
  0x00000208cba17000 GCTaskThread "GC Thread#1" [stack: 0x00000047a0f00000,0x00000047a1000000] [id=4236]
  0x00000208cbc66800 GCTaskThread "GC Thread#2" [stack: 0x00000047a1000000,0x00000047a1100000] [id=15724]
  0x00000208cbc67000 GCTaskThread "GC Thread#3" [stack: 0x00000047a1100000,0x00000047a1200000] [id=4000]
  0x00000208ac259800 ConcurrentGCThread "G1 Main Marker" [stack: 0x000000479fe00000,0x000000479ff00000] [id=7220]
  0x00000208ac25c000 ConcurrentGCThread "G1 Conc#0" [stack: 0x000000479ff00000,0x00000047a0000000] [id=13068]
  0x00000208ac2de000 ConcurrentGCThread "G1 Refine#0" [stack: 0x00000047a0000000,0x00000047a0100000] [id=448]
  0x00000208cb6bd800 ConcurrentGCThread "G1 Refine#1" [stack: 0x00000047a1200000,0x00000047a1300000] [id=5724]
  0x00000208cb8bd800 ConcurrentGCThread "G1 Refine#2" [stack: 0x00000047a1300000,0x00000047a1400000] [id=3628]
  0x00000208ca846800 ConcurrentGCThread "G1 Young RemSet Sampling" [stack: 0x00000047a0100000,0x00000047a0200000] [id=11324]

Threads with active compile tasks:
C2 CompilerThread1     3353 1654       4       jdk.internal.loader.URLClassPath::getResource (74 bytes)

VM state:not at safepoint (normal execution)

VM Mutex/Monitor currently owned by a thread: None

Heap address: 0x0000000081400000, size: 2028 MB, Compressed Oops mode: 32-bit
Narrow klass base: 0x0000000000000000, Narrow klass shift: 3
Compressed class space size: 1073741824 Address: 0x0000000100000000

Heap:
 garbage-first heap   total 131072K, used 9226K [0x0000000081400000, 0x0000000100000000)
  region size 1024K, 5 young (5120K), 2 survivors (2048K)
 Metaspace       used 21063K, capacity 21429K, committed 21632K, reserved 1069056K
  class space    used 2181K, capacity 2318K, committed 2432K, reserved 1048576K
Heap Regions: E=young(eden), S=young(survivor), O=old, HS=humongous(starts), HC=humongous(continues), CS=collection set, F=free, A=archive, TAMS=top-at-mark-start (previous, next)
|   0|0x0000000081400000, 0x0000000081500000, 0x0000000081500000|100%| O|  |TAMS 0x0000000081500000, 0x0000000081400000| Untracked 
|   1|0x0000000081500000, 0x0000000081600000, 0x0000000081600000|100%| O|  |TAMS 0x0000000081600000, 0x0000000081500000| Untracked 
|   2|0x0000000081600000, 0x0000000081700000, 0x0000000081700000|100%| O|  |TAMS 0x0000000081700000, 0x0000000081600000| Untracked 
|   3|0x0000000081700000, 0x0000000081800000, 0x0000000081800000|100%| O|  |TAMS 0x0000000081800000, 0x0000000081700000| Untracked 
|   4|0x0000000081800000, 0x0000000081900000, 0x0000000081900000|100%| O|  |TAMS 0x0000000081900000, 0x0000000081800000| Untracked 
|   5|0x0000000081900000, 0x000000008197a400, 0x0000000081a00000| 47%| O|  |TAMS 0x000000008197a400, 0x0000000081900000| Untracked 
|   6|0x0000000081a00000, 0x0000000081a00000, 0x0000000081b00000|  0%| F|  |TAMS 0x0000000081a00000, 0x0000000081a00000| Untracked 
|   7|0x0000000081b00000, 0x0000000081b00000, 0x0000000081c00000|  0%| F|  |TAMS 0x0000000081b00000, 0x0000000081b00000| Untracked 
|   8|0x0000000081c00000, 0x0000000081c00000, 0x0000000081d00000|  0%| F|  |TAMS 0x0000000081c00000, 0x0000000081c00000| Untracked 
|   9|0x0000000081d00000, 0x0000000081d00000, 0x0000000081e00000|  0%| F|  |TAMS 0x0000000081d00000, 0x0000000081d00000| Untracked 
|  10|0x0000000081e00000, 0x0000000081e00000, 0x0000000081f00000|  0%| F|  |TAMS 0x0000000081e00000, 0x0000000081e00000| Untracked 
|  11|0x0000000081f00000, 0x0000000081f00000, 0x0000000082000000|  0%| F|  |TAMS 0x0000000081f00000, 0x0000000081f00000| Untracked 
|  12|0x0000000082000000, 0x0000000082000000, 0x0000000082100000|  0%| F|  |TAMS 0x0000000082000000, 0x0000000082000000| Untracked 
|  13|0x0000000082100000, 0x0000000082100000, 0x0000000082200000|  0%| F|  |TAMS 0x0000000082100000, 0x0000000082100000| Untracked 
|  14|0x0000000082200000, 0x0000000082200000, 0x0000000082300000|  0%| F|  |TAMS 0x0000000082200000, 0x0000000082200000| Untracked 
|  15|0x0000000082300000, 0x0000000082300000, 0x0000000082400000|  0%| F|  |TAMS 0x0000000082300000, 0x0000000082300000| Untracked 
|  16|0x0000000082400000, 0x0000000082400000, 0x0000000082500000|  0%| F|  |TAMS 0x0000000082400000, 0x0000000082400000| Untracked 
|  17|0x0000000082500000, 0x0000000082500000, 0x0000000082600000|  0%| F|  |TAMS 0x0000000082500000, 0x0000000082500000| Untracked 
|  18|0x0000000082600000, 0x0000000082600000, 0x0000000082700000|  0%| F|  |TAMS 0x0000000082600000, 0x0000000082600000| Untracked 
|  19|0x0000000082700000, 0x0000000082700000, 0x0000000082800000|  0%| F|  |TAMS 0x0000000082700000, 0x0000000082700000| Untracked 
|  20|0x0000000082800000, 0x0000000082800000, 0x0000000082900000|  0%| F|  |TAMS 0x0000000082800000, 0x0000000082800000| Untracked 
|  21|0x0000000082900000, 0x0000000082900000, 0x0000000082a00000|  0%| F|  |TAMS 0x0000000082900000, 0x0000000082900000| Untracked 
|  22|0x0000000082a00000, 0x0000000082a00000, 0x0000000082b00000|  0%| F|  |TAMS 0x0000000082a00000, 0x0000000082a00000| Untracked 
|  23|0x0000000082b00000, 0x0000000082b00000, 0x0000000082c00000|  0%| F|  |TAMS 0x0000000082b00000, 0x0000000082b00000| Untracked 
|  24|0x0000000082c00000, 0x0000000082c00000, 0x0000000082d00000|  0%| F|  |TAMS 0x0000000082c00000, 0x0000000082c00000| Untracked 
|  25|0x0000000082d00000, 0x0000000082d00000, 0x0000000082e00000|  0%| F|  |TAMS 0x0000000082d00000, 0x0000000082d00000| Untracked 
|  26|0x0000000082e00000, 0x0000000082e00000, 0x0000000082f00000|  0%| F|  |TAMS 0x0000000082e00000, 0x0000000082e00000| Untracked 
|  27|0x0000000082f00000, 0x0000000082f00000, 0x0000000083000000|  0%| F|  |TAMS 0x0000000082f00000, 0x0000000082f00000| Untracked 
|  28|0x0000000083000000, 0x0000000083000000, 0x0000000083100000|  0%| F|  |TAMS 0x0000000083000000, 0x0000000083000000| Untracked 
|  29|0x0000000083100000, 0x0000000083100000, 0x0000000083200000|  0%| F|  |TAMS 0x0000000083100000, 0x0000000083100000| Untracked 
|  30|0x0000000083200000, 0x0000000083200000, 0x0000000083300000|  0%| F|  |TAMS 0x0000000083200000, 0x0000000083200000| Untracked 
|  31|0x0000000083300000, 0x0000000083300000, 0x0000000083400000|  0%| F|  |TAMS 0x0000000083300000, 0x0000000083300000| Untracked 
|  32|0x0000000083400000, 0x0000000083400000, 0x0000000083500000|  0%| F|  |TAMS 0x0000000083400000, 0x0000000083400000| Untracked 
|  33|0x0000000083500000, 0x0000000083500000, 0x0000000083600000|  0%| F|  |TAMS 0x0000000083500000, 0x0000000083500000| Untracked 
|  34|0x0000000083600000, 0x0000000083600000, 0x0000000083700000|  0%| F|  |TAMS 0x0000000083600000, 0x0000000083600000| Untracked 
|  35|0x0000000083700000, 0x0000000083700000, 0x0000000083800000|  0%| F|  |TAMS 0x0000000083700000, 0x0000000083700000| Untracked 
|  36|0x0000000083800000, 0x0000000083800000, 0x0000000083900000|  0%| F|  |TAMS 0x0000000083800000, 0x0000000083800000| Untracked 
|  37|0x0000000083900000, 0x0000000083900000, 0x0000000083a00000|  0%| F|  |TAMS 0x0000000083900000, 0x0000000083900000| Untracked 
|  38|0x0000000083a00000, 0x0000000083a00000, 0x0000000083b00000|  0%| F|  |TAMS 0x0000000083a00000, 0x0000000083a00000| Untracked 
|  39|0x0000000083b00000, 0x0000000083b00000, 0x0000000083c00000|  0%| F|  |TAMS 0x0000000083b00000, 0x0000000083b00000| Untracked 
|  40|0x0000000083c00000, 0x0000000083c00000, 0x0000000083d00000|  0%| F|  |TAMS 0x0000000083c00000, 0x0000000083c00000| Untracked 
|  41|0x0000000083d00000, 0x0000000083d00000, 0x0000000083e00000|  0%| F|  |TAMS 0x0000000083d00000, 0x0000000083d00000| Untracked 
|  42|0x0000000083e00000, 0x0000000083e00000, 0x0000000083f00000|  0%| F|  |TAMS 0x0000000083e00000, 0x0000000083e00000| Untracked 
|  43|0x0000000083f00000, 0x0000000083f00000, 0x0000000084000000|  0%| F|  |TAMS 0x0000000083f00000, 0x0000000083f00000| Untracked 
|  44|0x0000000084000000, 0x0000000084000000, 0x0000000084100000|  0%| F|  |TAMS 0x0000000084000000, 0x0000000084000000| Untracked 
|  45|0x0000000084100000, 0x0000000084100000, 0x0000000084200000|  0%| F|  |TAMS 0x0000000084100000, 0x0000000084100000| Untracked 
|  46|0x0000000084200000, 0x0000000084200000, 0x0000000084300000|  0%| F|  |TAMS 0x0000000084200000, 0x0000000084200000| Untracked 
|  47|0x0000000084300000, 0x0000000084300000, 0x0000000084400000|  0%| F|  |TAMS 0x0000000084300000, 0x0000000084300000| Untracked 
|  48|0x0000000084400000, 0x0000000084400000, 0x0000000084500000|  0%| F|  |TAMS 0x0000000084400000, 0x0000000084400000| Untracked 
|  49|0x0000000084500000, 0x0000000084500000, 0x0000000084600000|  0%| F|  |TAMS 0x0000000084500000, 0x0000000084500000| Untracked 
|  50|0x0000000084600000, 0x0000000084600000, 0x0000000084700000|  0%| F|  |TAMS 0x0000000084600000, 0x0000000084600000| Untracked 
|  51|0x0000000084700000, 0x0000000084700000, 0x0000000084800000|  0%| F|  |TAMS 0x0000000084700000, 0x0000000084700000| Untracked 
|  52|0x0000000084800000, 0x0000000084800000, 0x0000000084900000|  0%| F|  |TAMS 0x0000000084800000, 0x0000000084800000| Untracked 
|  53|0x0000000084900000, 0x0000000084900000, 0x0000000084a00000|  0%| F|  |TAMS 0x0000000084900000, 0x0000000084900000| Untracked 
|  54|0x0000000084a00000, 0x0000000084a00000, 0x0000000084b00000|  0%| F|  |TAMS 0x0000000084a00000, 0x0000000084a00000| Untracked 
|  55|0x0000000084b00000, 0x0000000084b00000, 0x0000000084c00000|  0%| F|  |TAMS 0x0000000084b00000, 0x0000000084b00000| Untracked 
|  56|0x0000000084c00000, 0x0000000084c00000, 0x0000000084d00000|  0%| F|  |TAMS 0x0000000084c00000, 0x0000000084c00000| Untracked 
|  57|0x0000000084d00000, 0x0000000084d00000, 0x0000000084e00000|  0%| F|  |TAMS 0x0000000084d00000, 0x0000000084d00000| Untracked 
|  58|0x0000000084e00000, 0x0000000084e00000, 0x0000000084f00000|  0%| F|  |TAMS 0x0000000084e00000, 0x0000000084e00000| Untracked 
|  59|0x0000000084f00000, 0x0000000084f00000, 0x0000000085000000|  0%| F|  |TAMS 0x0000000084f00000, 0x0000000084f00000| Untracked 
|  60|0x0000000085000000, 0x0000000085000000, 0x0000000085100000|  0%| F|  |TAMS 0x0000000085000000, 0x0000000085000000| Untracked 
|  61|0x0000000085100000, 0x0000000085100000, 0x0000000085200000|  0%| F|  |TAMS 0x0000000085100000, 0x0000000085100000| Untracked 
|  62|0x0000000085200000, 0x0000000085200000, 0x0000000085300000|  0%| F|  |TAMS 0x0000000085200000, 0x0000000085200000| Untracked 
|  63|0x0000000085300000, 0x0000000085300000, 0x0000000085400000|  0%| F|  |TAMS 0x0000000085300000, 0x0000000085300000| Untracked 
|  64|0x0000000085400000, 0x0000000085400000, 0x0000000085500000|  0%| F|  |TAMS 0x0000000085400000, 0x0000000085400000| Untracked 
|  65|0x0000000085500000, 0x0000000085500000, 0x0000000085600000|  0%| F|  |TAMS 0x0000000085500000, 0x0000000085500000| Untracked 
|  66|0x0000000085600000, 0x0000000085600000, 0x0000000085700000|  0%| F|  |TAMS 0x0000000085600000, 0x0000000085600000| Untracked 
|  67|0x0000000085700000, 0x0000000085700000, 0x0000000085800000|  0%| F|  |TAMS 0x0000000085700000, 0x0000000085700000| Untracked 
|  68|0x0000000085800000, 0x0000000085800000, 0x0000000085900000|  0%| F|  |TAMS 0x0000000085800000, 0x0000000085800000| Untracked 
|  69|0x0000000085900000, 0x0000000085900000, 0x0000000085a00000|  0%| F|  |TAMS 0x0000000085900000, 0x0000000085900000| Untracked 
|  70|0x0000000085a00000, 0x0000000085a00000, 0x0000000085b00000|  0%| F|  |TAMS 0x0000000085a00000, 0x0000000085a00000| Untracked 
|  71|0x0000000085b00000, 0x0000000085b00000, 0x0000000085c00000|  0%| F|  |TAMS 0x0000000085b00000, 0x0000000085b00000| Untracked 
|  72|0x0000000085c00000, 0x0000000085c00000, 0x0000000085d00000|  0%| F|  |TAMS 0x0000000085c00000, 0x0000000085c00000| Untracked 
|  73|0x0000000085d00000, 0x0000000085d00000, 0x0000000085e00000|  0%| F|  |TAMS 0x0000000085d00000, 0x0000000085d00000| Untracked 
|  74|0x0000000085e00000, 0x0000000085e00000, 0x0000000085f00000|  0%| F|  |TAMS 0x0000000085e00000, 0x0000000085e00000| Untracked 
|  75|0x0000000085f00000, 0x0000000085f00000, 0x0000000086000000|  0%| F|  |TAMS 0x0000000085f00000, 0x0000000085f00000| Untracked 
|  76|0x0000000086000000, 0x0000000086000000, 0x0000000086100000|  0%| F|  |TAMS 0x0000000086000000, 0x0000000086000000| Untracked 
|  77|0x0000000086100000, 0x0000000086100000, 0x0000000086200000|  0%| F|  |TAMS 0x0000000086100000, 0x0000000086100000| Untracked 
|  78|0x0000000086200000, 0x0000000086200000, 0x0000000086300000|  0%| F|  |TAMS 0x0000000086200000, 0x0000000086200000| Untracked 
|  79|0x0000000086300000, 0x0000000086300000, 0x0000000086400000|  0%| F|  |TAMS 0x0000000086300000, 0x0000000086300000| Untracked 
|  80|0x0000000086400000, 0x0000000086400000, 0x0000000086500000|  0%| F|  |TAMS 0x0000000086400000, 0x0000000086400000| Untracked 
|  81|0x0000000086500000, 0x0000000086500000, 0x0000000086600000|  0%| F|  |TAMS 0x0000000086500000, 0x0000000086500000| Untracked 
|  82|0x0000000086600000, 0x0000000086600000, 0x0000000086700000|  0%| F|  |TAMS 0x0000000086600000, 0x0000000086600000| Untracked 
|  83|0x0000000086700000, 0x0000000086700000, 0x0000000086800000|  0%| F|  |TAMS 0x0000000086700000, 0x0000000086700000| Untracked 
|  84|0x0000000086800000, 0x0000000086800000, 0x0000000086900000|  0%| F|  |TAMS 0x0000000086800000, 0x0000000086800000| Untracked 
|  85|0x0000000086900000, 0x0000000086900000, 0x0000000086a00000|  0%| F|  |TAMS 0x0000000086900000, 0x0000000086900000| Untracked 
|  86|0x0000000086a00000, 0x0000000086a00000, 0x0000000086b00000|  0%| F|  |TAMS 0x0000000086a00000, 0x0000000086a00000| Untracked 
|  87|0x0000000086b00000, 0x0000000086b00000, 0x0000000086c00000|  0%| F|  |TAMS 0x0000000086b00000, 0x0000000086b00000| Untracked 
|  88|0x0000000086c00000, 0x0000000086c00000, 0x0000000086d00000|  0%| F|  |TAMS 0x0000000086c00000, 0x0000000086c00000| Untracked 
|  89|0x0000000086d00000, 0x0000000086d00000, 0x0000000086e00000|  0%| F|  |TAMS 0x0000000086d00000, 0x0000000086d00000| Untracked 
|  90|0x0000000086e00000, 0x0000000086e00000, 0x0000000086f00000|  0%| F|  |TAMS 0x0000000086e00000, 0x0000000086e00000| Untracked 
|  91|0x0000000086f00000, 0x0000000086f00000, 0x0000000087000000|  0%| F|  |TAMS 0x0000000086f00000, 0x0000000086f00000| Untracked 
|  92|0x0000000087000000, 0x0000000087000000, 0x0000000087100000|  0%| F|  |TAMS 0x0000000087000000, 0x0000000087000000| Untracked 
|  93|0x0000000087100000, 0x0000000087100000, 0x0000000087200000|  0%| F|  |TAMS 0x0000000087100000, 0x0000000087100000| Untracked 
|  94|0x0000000087200000, 0x0000000087200000, 0x0000000087300000|  0%| F|  |TAMS 0x0000000087200000, 0x0000000087200000| Untracked 
|  95|0x0000000087300000, 0x0000000087300000, 0x0000000087400000|  0%| F|  |TAMS 0x0000000087300000, 0x0000000087300000| Untracked 
|  96|0x0000000087400000, 0x0000000087400000, 0x0000000087500000|  0%| F|  |TAMS 0x0000000087400000, 0x0000000087400000| Untracked 
|  97|0x0000000087500000, 0x0000000087500000, 0x0000000087600000|  0%| F|  |TAMS 0x0000000087500000, 0x0000000087500000| Untracked 
|  98|0x0000000087600000, 0x0000000087600000, 0x0000000087700000|  0%| F|  |TAMS 0x0000000087600000, 0x0000000087600000| Untracked 
|  99|0x0000000087700000, 0x0000000087700000, 0x0000000087800000|  0%| F|  |TAMS 0x0000000087700000, 0x0000000087700000| Untracked 
| 100|0x0000000087800000, 0x0000000087800000, 0x0000000087900000|  0%| F|  |TAMS 0x0000000087800000, 0x0000000087800000| Untracked 
| 101|0x0000000087900000, 0x0000000087900000, 0x0000000087a00000|  0%| F|  |TAMS 0x0000000087900000, 0x0000000087900000| Untracked 
| 102|0x0000000087a00000, 0x0000000087a00000, 0x0000000087b00000|  0%| F|  |TAMS 0x0000000087a00000, 0x0000000087a00000| Untracked 
| 103|0x0000000087b00000, 0x0000000087b00000, 0x0000000087c00000|  0%| F|  |TAMS 0x0000000087b00000, 0x0000000087b00000| Untracked 
| 104|0x0000000087c00000, 0x0000000087c00000, 0x0000000087d00000|  0%| F|  |TAMS 0x0000000087c00000, 0x0000000087c00000| Untracked 
| 105|0x0000000087d00000, 0x0000000087d00000, 0x0000000087e00000|  0%| F|  |TAMS 0x0000000087d00000, 0x0000000087d00000| Untracked 
| 106|0x0000000087e00000, 0x0000000087e00000, 0x0000000087f00000|  0%| F|  |TAMS 0x0000000087e00000, 0x0000000087e00000| Untracked 
| 107|0x0000000087f00000, 0x0000000087f00000, 0x0000000088000000|  0%| F|  |TAMS 0x0000000087f00000, 0x0000000087f00000| Untracked 
| 108|0x0000000088000000, 0x0000000088000000, 0x0000000088100000|  0%| F|  |TAMS 0x0000000088000000, 0x0000000088000000| Untracked 
| 109|0x0000000088100000, 0x0000000088100000, 0x0000000088200000|  0%| F|  |TAMS 0x0000000088100000, 0x0000000088100000| Untracked 
| 110|0x0000000088200000, 0x0000000088200000, 0x0000000088300000|  0%| F|  |TAMS 0x0000000088200000, 0x0000000088200000| Untracked 
| 111|0x0000000088300000, 0x0000000088300000, 0x0000000088400000|  0%| F|  |TAMS 0x0000000088300000, 0x0000000088300000| Untracked 
| 112|0x0000000088400000, 0x0000000088400000, 0x0000000088500000|  0%| F|  |TAMS 0x0000000088400000, 0x0000000088400000| Untracked 
| 113|0x0000000088500000, 0x0000000088500000, 0x0000000088600000|  0%| F|  |TAMS 0x0000000088500000, 0x0000000088500000| Untracked 
| 114|0x0000000088600000, 0x0000000088600000, 0x0000000088700000|  0%| F|  |TAMS 0x0000000088600000, 0x0000000088600000| Untracked 
| 115|0x0000000088700000, 0x0000000088700000, 0x0000000088800000|  0%| F|  |TAMS 0x0000000088700000, 0x0000000088700000| Untracked 
| 116|0x0000000088800000, 0x0000000088800000, 0x0000000088900000|  0%| F|  |TAMS 0x0000000088800000, 0x0000000088800000| Untracked 
| 117|0x0000000088900000, 0x0000000088900000, 0x0000000088a00000|  0%| F|  |TAMS 0x0000000088900000, 0x0000000088900000| Untracked 
| 118|0x0000000088a00000, 0x0000000088a00000, 0x0000000088b00000|  0%| F|  |TAMS 0x0000000088a00000, 0x0000000088a00000| Untracked 
| 119|0x0000000088b00000, 0x0000000088b00000, 0x0000000088c00000|  0%| F|  |TAMS 0x0000000088b00000, 0x0000000088b00000| Untracked 
| 120|0x0000000088c00000, 0x0000000088c00000, 0x0000000088d00000|  0%| F|  |TAMS 0x0000000088c00000, 0x0000000088c00000| Untracked 
| 121|0x0000000088d00000, 0x0000000088d00000, 0x0000000088e00000|  0%| F|  |TAMS 0x0000000088d00000, 0x0000000088d00000| Untracked 
| 122|0x0000000088e00000, 0x0000000088e884f0, 0x0000000088f00000| 53%| S|CS|TAMS 0x0000000088e00000, 0x0000000088e00000| Complete 
| 123|0x0000000088f00000, 0x0000000089000000, 0x0000000089000000|100%| S|CS|TAMS 0x0000000088f00000, 0x0000000088f00000| Complete 
| 124|0x0000000089000000, 0x0000000089000000, 0x0000000089100000|  0%| F|  |TAMS 0x0000000089000000, 0x0000000089000000| Untracked 
| 125|0x0000000089100000, 0x0000000089200000, 0x0000000089200000|100%| E|  |TAMS 0x0000000089100000, 0x0000000089100000| Complete 
| 126|0x0000000089200000, 0x0000000089300000, 0x0000000089300000|100%| E|CS|TAMS 0x0000000089200000, 0x0000000089200000| Complete 
| 127|0x0000000089300000, 0x0000000089400000, 0x0000000089400000|100%| E|CS|TAMS 0x0000000089300000, 0x0000000089300000| Complete 

Card table byte_map: [0x00000208c3da0000,0x00000208c41a0000] _byte_map_base: 0x00000208c3996000

Marking Bits (Prev, Next): (CMBitMap*) 0x00000208ac250f80, (CMBitMap*) 0x00000208ac250f48
 Prev Bits: [0x00000208c6550000, 0x00000208c8500000)
 Next Bits: [0x00000208c45a0000, 0x00000208c6550000)

Polling page: 0x00000208aa370000

Metaspace:

Usage:
  Non-class:     18.66 MB capacity,    18.44 MB ( 99%) used,   189.88 KB ( <1%) free+waste,    39.06 KB ( <1%) overhead. 
      Class:      2.26 MB capacity,     2.13 MB ( 94%) used,   118.65 KB (  5%) free+waste,    17.62 KB ( <1%) overhead. 
       Both:     20.93 MB capacity,    20.57 MB ( 98%) used,   308.53 KB (  1%) free+waste,    56.69 KB ( <1%) overhead. 

Virtual space:
  Non-class space:       20.00 MB reserved,      18.75 MB ( 94%) committed 
      Class space:        1.00 GB reserved,       2.38 MB ( <1%) committed 
             Both:        1.02 GB reserved,      21.12 MB (  2%) committed 

Chunk freelists:
   Non-Class:  25.00 KB
       Class:  18.00 KB
        Both:  43.00 KB

MaxMetaspaceSize: 17179869184.00 GB
CompressedClassSpaceSize: 1.00 GB
Initial GC threshold: 20.80 MB
Current GC threshold: 34.79 MB
CDS: off

CodeHeap 'non-profiled nmethods': size=120064Kb used=651Kb max_used=651Kb free=119412Kb
 bounds [0x00000208bc460000, 0x00000208bc6d0000, 0x00000208c39a0000]
CodeHeap 'profiled nmethods': size=120000Kb used=3349Kb max_used=3349Kb free=116650Kb
 bounds [0x00000208b4f30000, 0x00000208b5280000, 0x00000208bc460000]
CodeHeap 'non-nmethods': size=5696Kb used=1184Kb max_used=1205Kb free=4511Kb
 bounds [0x00000208b49a0000, 0x00000208b4c10000, 0x00000208b4f30000]
 total_blobs=2141 nmethods=1689 adapters=365
 compilation: enabled
              stopped_count=0, restarted_count=0
 full_count=0

Compilation events (20 events):
Event: 3.206 Thread 0x00000208caa28800 1682       4       java.io.DataOutputStream::writeByte (14 bytes)
Event: 3.206 Thread 0x00000208caa2e800 nmethod 1681 0x00000208b5270e90 code [0x00000208b5271060, 0x00000208b52712f8]
Event: 3.206 Thread 0x00000208caa2e800 1680       3       java.lang.reflect.ProxyGenerator::getParameterDescriptors (47 bytes)
Event: 3.207 Thread 0x00000208caa2e800 nmethod 1680 0x00000208b5271410 code [0x00000208b52716a0, 0x00000208b5272068]
Event: 3.208 Thread 0x00000208caa2e800 1684       3       java.lang.Class::privateGetDeclaredMethods (64 bytes)
Event: 3.210 Thread 0x00000208caa2e800 nmethod 1684 0x00000208b5272410 code [0x00000208b5272640, 0x00000208b5272db8]
Event: 3.211 Thread 0x00000208caa2e800 1685       3       org.springframework.util.ConcurrentReferenceHashMap$Task::hasOption (9 bytes)
Event: 3.211 Thread 0x00000208caa2e800 nmethod 1685 0x00000208b5273010 code [0x00000208b52731c0, 0x00000208b5273388]
Event: 3.211 Thread 0x00000208caa2e800 1686       3       java.util.HashSet::<init> (16 bytes)
Event: 3.212 Thread 0x00000208caa2e800 nmethod 1686 0x00000208b5273490 code [0x00000208b5273680, 0x00000208b5273a78]
Event: 3.224 Thread 0x00000208caa28800 nmethod 1682 0x00000208bc4fdc90 code [0x00000208bc4fde80, 0x00000208bc4feb70]
Event: 3.224 Thread 0x00000208caa28800 1683  s    4       java.io.DataOutputStream::write (14 bytes)
Event: 3.227 Thread 0x00000208caa2e800 1687       1       java.beans.FeatureDescriptor::setName (6 bytes)
Event: 3.227 Thread 0x00000208caa2e800 nmethod 1687 0x00000208bc4ff010 code [0x00000208bc4ff1c0, 0x00000208bc4ff2b8]
Event: 3.227 Thread 0x00000208caa2e800 1688       3       java.util.TreeMap$PrivateEntryIterator::hasNext (13 bytes)
Event: 3.228 Thread 0x00000208caa2e800 nmethod 1688 0x00000208b5273c10 code [0x00000208b5273dc0, 0x00000208b5273f18]
Event: 3.237 Thread 0x00000208caa28800 nmethod 1683 0x00000208bc4ff310 code [0x00000208bc4ff4e0, 0x00000208bc4ffc98]
Event: 3.237 Thread 0x00000208caa28800 1689       4       java.io.WinNTFileSystem::normalize (143 bytes)
Event: 3.247 Thread 0x00000208caa2e800 1690       3       java.lang.reflect.Method::getGenericParameterTypes (5 bytes)
Event: 3.249 Thread 0x00000208caa2e800 nmethod 1690 0x00000208b5273f90 code [0x00000208b5274260, 0x00000208b52752b8]

GC Heap History (8 events):
Event: 1.460 GC heap before
{Heap before GC invocations=0 (full 0):
 garbage-first heap   total 131072K, used 13312K [0x0000000081400000, 0x0000000100000000)
  region size 1024K, 14 young (14336K), 0 survivors (0K)
 Metaspace       used 12502K, capacity 12713K, committed 12800K, reserved 1060864K
  class space    used 1160K, capacity 1238K, committed 1280K, reserved 1048576K
}
Event: 1.471 GC heap after
{Heap after GC invocations=1 (full 0):
 garbage-first heap   total 131072K, used 5394K [0x0000000081400000, 0x0000000100000000)
  region size 1024K, 2 young (2048K), 2 survivors (2048K)
 Metaspace       used 12502K, capacity 12713K, committed 12800K, reserved 1060864K
  class space    used 1160K, capacity 1238K, committed 1280K, reserved 1048576K
}
Event: 1.764 GC heap before
{Heap before GC invocations=1 (full 0):
 garbage-first heap   total 131072K, used 9490K [0x0000000081400000, 0x0000000100000000)
  region size 1024K, 6 young (6144K), 2 survivors (2048K)
 Metaspace       used 14152K, capacity 14382K, committed 14592K, reserved 1062912K
  class space    used 1375K, capacity 1438K, committed 1536K, reserved 1048576K
}
Event: 1.769 GC heap after
{Heap after GC invocations=2 (full 0):
 garbage-first heap   total 131072K, used 6105K [0x0000000081400000, 0x0000000100000000)
  region size 1024K, 1 young (1024K), 1 survivors (1024K)
 Metaspace       used 14152K, capacity 14382K, committed 14592K, reserved 1062912K
  class space    used 1375K, capacity 1438K, committed 1536K, reserved 1048576K
}
Event: 2.932 GC heap before
{Heap before GC invocations=2 (full 0):
 garbage-first heap   total 131072K, used 25561K [0x0000000081400000, 0x0000000100000000)
  region size 1024K, 20 young (20480K), 1 survivors (1024K)
 Metaspace       used 20059K, capacity 20417K, committed 20608K, reserved 1067008K
  class space    used 2054K, capacity 2171K, committed 2176K, reserved 1048576K
}
Event: 2.935 GC heap after
{Heap after GC invocations=3 (full 0):
 garbage-first heap   total 131072K, used 6984K [0x0000000081400000, 0x0000000100000000)
  region size 1024K, 2 young (2048K), 2 survivors (2048K)
 Metaspace       used 20059K, capacity 20417K, committed 20608K, reserved 1067008K
  class space    used 2054K, capacity 2171K, committed 2176K, reserved 1048576K
}
Event: 3.094 GC heap before
{Heap before GC invocations=3 (full 0):
 garbage-first heap   total 131072K, used 10056K [0x0000000081400000, 0x0000000100000000)
  region size 1024K, 6 young (6144K), 2 survivors (2048K)
 Metaspace       used 20769K, capacity 21126K, committed 21248K, reserved 1069056K
  class space    used 2149K, capacity 2281K, committed 2304K, reserved 1048576K
}
Event: 3.098 GC heap after
{Heap after GC invocations=4 (full 0):
 garbage-first heap   total 131072K, used 7178K [0x0000000081400000, 0x0000000100000000)
  region size 1024K, 2 young (2048K), 2 survivors (2048K)
 Metaspace       used 20769K, capacity 21126K, committed 21248K, reserved 1069056K
  class space    used 2149K, capacity 2281K, committed 2304K, reserved 1048576K
}

Deoptimization events (20 events):
Event: 2.425 Thread 0x00000208ac213000 Uncommon trap: trap_request=0xffffff4d fr.pc=0x00000208bc46f098 relative=0x00000000000003d8
Event: 2.425 Thread 0x00000208ac213000 Uncommon trap: reason=unstable_if action=reinterpret pc=0x00000208bc46f098 method=java.lang.StringLatin1.canEncode(I)Z @ 4 c2
Event: 2.425 Thread 0x00000208ac213000 DEOPT PACKING pc=0x00000208bc46f098 sp=0x000000479fcf9290
Event: 2.425 Thread 0x00000208ac213000 DEOPT UNPACKING pc=0x00000208b49ea1af sp=0x000000479fcf9200 mode 2
Event: 2.425 Thread 0x00000208ac213000 Uncommon trap: trap_request=0xffffff4d fr.pc=0x00000208bc4ba5f8 relative=0x0000000000000058
Event: 2.425 Thread 0x00000208ac213000 Uncommon trap: reason=unstable_if action=reinterpret pc=0x00000208bc4ba5f8 method=java.lang.AbstractStringBuilder.isLatin1()Z @ 10 c2
Event: 2.425 Thread 0x00000208ac213000 DEOPT PACKING pc=0x00000208bc4ba5f8 sp=0x000000479fcf9260
Event: 2.425 Thread 0x00000208ac213000 DEOPT UNPACKING pc=0x00000208b49ea1af sp=0x000000479fcf91f0 mode 2
Event: 2.684 Thread 0x00000208ac213000 Uncommon trap: trap_request=0xffffff4d fr.pc=0x00000208bc4d9520 relative=0x0000000000001060
Event: 2.684 Thread 0x00000208ac213000 Uncommon trap: reason=unstable_if action=reinterpret pc=0x00000208bc4d9520 method=java.util.concurrent.ConcurrentHashMap.putVal(Ljava/lang/Object;Ljava/lang/Object;Z)Ljava/lang/Object; @ 256 c2
Event: 2.684 Thread 0x00000208ac213000 DEOPT PACKING pc=0x00000208bc4d9520 sp=0x000000479fcfdb20
Event: 2.684 Thread 0x00000208ac213000 DEOPT UNPACKING pc=0x00000208b49ea1af sp=0x000000479fcfdaa8 mode 2
Event: 2.738 Thread 0x00000208ac213000 Uncommon trap: trap_request=0xffffff4d fr.pc=0x00000208bc4bc3f4 relative=0x0000000000001534
Event: 2.738 Thread 0x00000208ac213000 Uncommon trap: reason=unstable_if action=reinterpret pc=0x00000208bc4bc3f4 method=java.io.WinNTFileSystem.normalize(Ljava/lang/String;)Ljava/lang/String; @ 128 c2
Event: 2.738 Thread 0x00000208ac213000 DEOPT PACKING pc=0x00000208bc4bc3f4 sp=0x000000479fcfd140
Event: 2.738 Thread 0x00000208ac213000 DEOPT UNPACKING pc=0x00000208b49ea1af sp=0x000000479fcfd118 mode 2
Event: 2.740 Thread 0x00000208ac213000 Uncommon trap: trap_request=0xffffff4d fr.pc=0x00000208bc48c0a0 relative=0x00000000000009c0
Event: 2.740 Thread 0x00000208ac213000 Uncommon trap: reason=unstable_if action=reinterpret pc=0x00000208bc48c0a0 method=java.util.zip.ZipFile$Source.getEntryPos([BZ)I @ 156 c2
Event: 2.740 Thread 0x00000208ac213000 DEOPT PACKING pc=0x00000208bc48c0a0 sp=0x000000479fcfd190
Event: 2.740 Thread 0x00000208ac213000 DEOPT UNPACKING pc=0x00000208b49ea1af sp=0x000000479fcfd130 mode 2

Classes redefined (0 events):
No events

Internal exceptions (20 events):
Event: 1.912 Thread 0x00000208ac213000 Exception <a 'java/lang/NoSuchMethodError'{0x00000000891a6730}: 'void java.lang.invoke.DirectMethodHandle$Holder.invokeSpecial(java.lang.Object, java.lang.Object)'> (0x00000000891a6730) thrown at [s\src\hotspot\share\interpreter\linkResolver.cpp, line 773]
Event: 1.920 Thread 0x00000208ac213000 Exception <a 'java/lang/NoSuchMethodError'{0x00000000891c1f70}: 'int java.lang.invoke.DirectMethodHandle$Holder.invokeInterface(java.lang.Object, java.lang.Object)'> (0x00000000891c1f70) thrown at [s\src\hotspot\share\interpreter\linkResolver.cpp, line 773]
Event: 2.028 Thread 0x00000208ac213000 Exception <a 'java/lang/NoSuchMethodError'{0x0000000088eb0d80}: 'int java.lang.invoke.DirectMethodHandle$Holder.invokeSpecialIFC(java.lang.Object, java.lang.Object, int)'> (0x0000000088eb0d80) thrown at [s\src\hotspot\share\interpreter\linkResolver.cpp, line 773]
Event: 2.421 Thread 0x00000208ac213000 Exception <a 'java/lang/ClassNotFoundException'{0x00000000887b3708}: com/sun/org/apache/xerces/internal/impl/xpath/regex/spi/messageProvider> (0x00000000887b3708) thrown at [s\src\hotspot\share\classfile\systemDictionary.cpp, line 230]
Event: 2.962 Thread 0x00000208ac213000 Exception <a 'java/lang/NoSuchMethodError'{0x0000000089377cd0}: 'int java.lang.invoke.DirectMethodHandle$Holder.invokeSpecial(java.lang.Object, java.lang.Object, java.lang.Object, java.lang.Object)'> (0x0000000089377cd0) thrown at [s\src\hotspot\share\interpreter\linkResolver.cpp, line 773]
Event: 3.139 Thread 0x00000208ac213000 Exception <a 'java/lang/NoSuchMethodError'{0x000000008937d568}: 'void java.lang.invoke.DirectMethodHandle$Holder.invokeSpecial(java.lang.Object, java.lang.Object, java.lang.Object, java.lang.Object, java.lang.Object)'> (0x000000008937d568) thrown at [s\src\hotspot\share\interpreter\linkResolver.cpp, line 773]
Event: 3.176 Thread 0x00000208ac213000 Exception <a 'java/lang/ClassNotFoundException'{0x0000000089221380}: org/mybatis/spring/mapper/MapperScannerConfigurerBeanInfo> (0x0000000089221380) thrown at [s\src\hotspot\share\classfile\systemDictionary.cpp, line 230]
Event: 3.180 Thread 0x00000208ac213000 Exception <a 'java/lang/ClassNotFoundException'{0x0000000089232bb0}: org/mybatis/spring/mapper/MapperScannerConfigurerCustomizer> (0x0000000089232bb0) thrown at [s\src\hotspot\share\classfile\systemDictionary.cpp, line 230]
Event: 3.215 Thread 0x00000208ac213000 Exception <a 'java/lang/ClassNotFoundException'{0x00000000892c5bd0}: org/springframework/beans/factory/support/BeanDefinitionRegistryPostProcessorBeanInfo> (0x00000000892c5bd0) thrown at [s\src\hotspot\share\classfile\systemDictionary.cpp, line 230]
Event: 3.219 Thread 0x00000208ac213000 Exception <a 'java/lang/ClassNotFoundException'{0x00000000892daa30}: org/springframework/beans/factory/support/BeanDefinitionRegistryPostProcessorCustomizer> (0x00000000892daa30) thrown at [s\src\hotspot\share\classfile\systemDictionary.cpp, line 230]
Event: 3.222 Thread 0x00000208ac213000 Exception <a 'java/lang/ClassNotFoundException'{0x00000000892ef050}: org/springframework/beans/factory/config/BeanFactoryPostProcessorBeanInfo> (0x00000000892ef050) thrown at [s\src\hotspot\share\classfile\systemDictionary.cpp, line 230]
Event: 3.227 Thread 0x00000208ac213000 Exception <a 'java/lang/ClassNotFoundException'{0x0000000089102d98}: org/springframework/beans/factory/config/BeanFactoryPostProcessorCustomizer> (0x0000000089102d98) thrown at [s\src\hotspot\share\classfile\systemDictionary.cpp, line 230]
Event: 3.232 Thread 0x00000208ac213000 Exception <a 'java/lang/ClassNotFoundException'{0x00000000891158d8}: org/springframework/beans/factory/InitializingBeanBeanInfo> (0x00000000891158d8) thrown at [s\src\hotspot\share\classfile\systemDictionary.cpp, line 230]
Event: 3.236 Thread 0x00000208ac213000 Exception <a 'java/lang/ClassNotFoundException'{0x0000000089127150}: org/springframework/beans/factory/InitializingBeanCustomizer> (0x0000000089127150) thrown at [s\src\hotspot\share\classfile\systemDictionary.cpp, line 230]
Event: 3.241 Thread 0x00000208ac213000 Exception <a 'java/lang/ClassNotFoundException'{0x0000000089139a08}: org/springframework/context/ApplicationContextAwareBeanInfo> (0x0000000089139a08) thrown at [s\src\hotspot\share\classfile\systemDictionary.cpp, line 230]
Event: 3.246 Thread 0x00000208ac213000 Exception <a 'java/lang/ClassNotFoundException'{0x000000008914b348}: org/springframework/context/ApplicationContextAwareCustomizer> (0x000000008914b348) thrown at [s\src\hotspot\share\classfile\systemDictionary.cpp, line 230]
Event: 3.251 Thread 0x00000208ac213000 Exception <a 'java/lang/ClassNotFoundException'{0x000000008915d0f8}: org/springframework/beans/factory/AwareBeanInfo> (0x000000008915d0f8) thrown at [s\src\hotspot\share\classfile\systemDictionary.cpp, line 230]
Event: 3.254 Thread 0x00000208ac213000 Exception <a 'java/lang/ClassNotFoundException'{0x000000008916cef8}: org/springframework/beans/factory/AwareCustomizer> (0x000000008916cef8) thrown at [s\src\hotspot\share\classfile\systemDictionary.cpp, line 230]
Event: 3.260 Thread 0x00000208ac213000 Exception <a 'java/lang/ClassNotFoundException'{0x000000008917e438}: org/springframework/beans/factory/BeanNameAwareBeanInfo> (0x000000008917e438) thrown at [s\src\hotspot\share\classfile\systemDictionary.cpp, line 230]
Event: 3.264 Thread 0x00000208ac213000 Exception <a 'java/lang/ClassNotFoundException'{0x000000008918f4d8}: org/springframework/beans/factory/BeanNameAwareCustomizer> (0x000000008918f4d8) thrown at [s\src\hotspot\share\classfile\systemDictionary.cpp, line 230]

Events (20 events):
Event: 3.254 loading class org/springframework/beans/factory/AwareCustomizer
Event: 3.254 loading class org/springframework/beans/factory/AwareCustomizer done
Event: 3.254 loading class org/springframework/beans/factory/BeanNameAwareBeanInfo
Event: 3.254 loading class org/springframework/beans/factory/BeanNameAwareBeanInfo done
Event: 3.256 loading class org/springframework/beans/factory/BeanNameAwareBeanInfo
Event: 3.256 loading class org/springframework/beans/factory/BeanNameAwareBeanInfo done
Event: 3.260 loading class org/springframework/beans/factory/BeanNameAwareBeanInfo
Event: 3.260 loading class org/springframework/beans/factory/BeanNameAwareBeanInfo done
Event: 3.260 loading class org/springframework/beans/factory/BeanNameAwareCustomizer
Event: 3.260 loading class org/springframework/beans/factory/BeanNameAwareCustomizer done
Event: 3.262 loading class org/springframework/beans/factory/BeanNameAwareCustomizer
Event: 3.262 loading class org/springframework/beans/factory/BeanNameAwareCustomizer done
Event: 3.264 loading class org/springframework/beans/factory/BeanNameAwareCustomizer
Event: 3.264 loading class org/springframework/beans/factory/BeanNameAwareCustomizer done
Event: 3.265 loading class org/springframework/core/convert/TypeDescriptor
Event: 3.265 loading class org/springframework/core/convert/TypeDescriptor done
Event: 3.268 loading class org/springframework/core/convert/TypeDescriptor$AnnotatedElementAdapter
Event: 3.268 loading class org/springframework/core/convert/TypeDescriptor$AnnotatedElementAdapter done
Event: 3.270 loading class org/springframework/core/convert/Property
Event: 3.270 loading class org/springframework/core/convert/Property done


Dynamic libraries:
0x00007ff6b5d70000 - 0x00007ff6b5d7e000 	C:\Programs\Java\jdk-11.0.22.7-hotspot\bin\javaw.exe
0x00007fff06390000 - 0x00007fff06588000 	C:\WINDOWS\SYSTEM32\ntdll.dll
0x00007fff05460000 - 0x00007fff0551d000 	C:\WINDOWS\System32\KERNEL32.DLL
0x00007fff03de0000 - 0x00007fff040d6000 	C:\WINDOWS\System32\KERNELBASE.dll
0x00007fff03b00000 - 0x00007fff03c00000 	C:\WINDOWS\System32\ucrtbase.dll
0x00007ffefce80000 - 0x00007ffefce9b000 	C:\Programs\Java\jdk-11.0.22.7-hotspot\bin\VCRUNTIME140.dll
0x00007ffef9a40000 - 0x00007ffef9a57000 	C:\Programs\Java\jdk-11.0.22.7-hotspot\bin\jli.dll
0x00007fff06060000 - 0x00007fff061ff000 	C:\WINDOWS\System32\USER32.dll
0x00007fff03a40000 - 0x00007fff03a62000 	C:\WINDOWS\System32\win32u.dll
0x00007fff052e0000 - 0x00007fff0530b000 	C:\WINDOWS\System32\GDI32.dll
0x00007fff03cc0000 - 0x00007fff03dd7000 	C:\WINDOWS\System32\gdi32full.dll
0x00007fff04240000 - 0x00007fff042dd000 	C:\WINDOWS\System32\msvcp_win.dll
0x00007ffef6080000 - 0x00007ffef631a000 	C:\WINDOWS\WinSxS\amd64_microsoft.windows.common-controls_6595b64144ccf1df_6.0.19041.3636_none_60b6a03d71f818d5\COMCTL32.dll
0x00007fff05520000 - 0x00007fff055be000 	C:\WINDOWS\System32\msvcrt.dll
0x00007fff04490000 - 0x00007fff044c2000 	C:\WINDOWS\System32\IMM32.DLL
0x00007ffefcf40000 - 0x00007ffefcf4c000 	C:\Programs\Java\jdk-11.0.22.7-hotspot\bin\vcruntime140_1.dll
0x00007ffedea30000 - 0x00007ffedeabd000 	C:\Programs\Java\jdk-11.0.22.7-hotspot\bin\msvcp140.dll
0x00007ffeb7870000 - 0x00007ffeb8432000 	C:\Programs\Java\jdk-11.0.22.7-hotspot\bin\server\jvm.dll
0x00007fff04cb0000 - 0x00007fff04d60000 	C:\WINDOWS\System32\ADVAPI32.dll
0x00007fff055c0000 - 0x00007fff05660000 	C:\WINDOWS\System32\sechost.dll
0x00007fff051b0000 - 0x00007fff052d3000 	C:\WINDOWS\System32\RPCRT4.dll
0x00007fff042e0000 - 0x00007fff04307000 	C:\WINDOWS\System32\bcrypt.dll
0x00007fff05310000 - 0x00007fff05318000 	C:\WINDOWS\System32\PSAPI.DLL
0x00007fff011a0000 - 0x00007fff011a9000 	C:\WINDOWS\SYSTEM32\WSOCK32.dll
0x00007fff05ff0000 - 0x00007fff0605b000 	C:\WINDOWS\System32\WS2_32.dll
0x00007ffef3020000 - 0x00007ffef3047000 	C:\WINDOWS\SYSTEM32\WINMM.dll
0x00007ffeeff30000 - 0x00007ffeeff3a000 	C:\WINDOWS\SYSTEM32\VERSION.dll
0x00007fff018d0000 - 0x00007fff018e2000 	C:\WINDOWS\SYSTEM32\kernel.appcore.dll
0x00007ffefcfb0000 - 0x00007ffefcfc0000 	C:\Programs\Java\jdk-11.0.22.7-hotspot\bin\verify.dll
0x00007ffef3ef0000 - 0x00007ffef40d4000 	C:\WINDOWS\SYSTEM32\DBGHELP.DLL
0x00007ffef3d50000 - 0x00007ffef3d84000 	C:\WINDOWS\SYSTEM32\dbgcore.DLL
0x00007fff03a70000 - 0x00007fff03af2000 	C:\WINDOWS\System32\bcryptPrimitives.dll
0x00007ffef9a60000 - 0x00007ffef9a88000 	C:\Programs\Java\jdk-11.0.22.7-hotspot\bin\java.dll
0x00007ffefcfa0000 - 0x00007ffefcfaa000 	C:\Programs\Java\jdk-11.0.22.7-hotspot\bin\jimage.dll
0x00007ffef9470000 - 0x00007ffef9488000 	C:\Programs\Java\jdk-11.0.22.7-hotspot\bin\zip.dll
0x00007fff05660000 - 0x00007fff05dcb000 	C:\WINDOWS\System32\SHELL32.dll
0x00007fff01ad0000 - 0x00007fff0226e000 	C:\WINDOWS\SYSTEM32\windows.storage.dll
0x00007fff04e50000 - 0x00007fff051a3000 	C:\WINDOWS\System32\combase.dll
0x00007fff033a0000 - 0x00007fff033ce000 	C:\WINDOWS\SYSTEM32\Wldp.dll
0x00007fff043c0000 - 0x00007fff0448d000 	C:\WINDOWS\System32\OLEAUT32.dll
0x00007fff04b20000 - 0x00007fff04bcd000 	C:\WINDOWS\System32\SHCORE.dll
0x00007fff06260000 - 0x00007fff062b5000 	C:\WINDOWS\System32\shlwapi.dll
0x00007fff03970000 - 0x00007fff03993000 	C:\WINDOWS\SYSTEM32\profapi.dll
0x00007fff011b0000 - 0x00007fff011c9000 	C:\Programs\Java\jdk-11.0.22.7-hotspot\bin\net.dll
0x00007ffef7600000 - 0x00007ffef770a000 	C:\WINDOWS\SYSTEM32\WINHTTP.dll
0x00007fff03100000 - 0x00007fff0316a000 	C:\WINDOWS\system32\mswsock.dll
0x00007ffeff6c0000 - 0x00007ffeff6d2000 	C:\Programs\Java\jdk-11.0.22.7-hotspot\bin\nio.dll

dbghelp: loaded successfully - version: 4.0.5 - missing functions: none
symbol engine: initialized successfully - sym options: 0x614 - pdb path: .;C:\Programs\Java\jdk-11.0.22.7-hotspot\bin;C:\WINDOWS\SYSTEM32;C:\WINDOWS\WinSxS\amd64_microsoft.windows.common-controls_6595b64144ccf1df_6.0.19041.3636_none_60b6a03d71f818d5;C:\Programs\Java\jdk-11.0.22.7-hotspot\bin\server

VM Arguments:
jvm_args: -ea -Dfile.encoding=UTF-8 
java_command: org.eclipse.jdt.internal.junit.runner.RemoteTestRunner -version 3 -port 9487 -testLoaderClass org.eclipse.jdt.internal.junit4.runner.JUnit4TestLoader -loaderpluginname org.eclipse.jdt.junit4.runtime -test com.bark.service.BoardServiceTest:searchList
java_class_path (initial): C:\git_copy\bark\Project-Bark\Spring\mySpring\target\test-classes;C:\git_copy\bark\Project-Bark\Spring\mySpring\target\classes;C:\Programs\apache-tomcat-9.0.87\lib\annotations-api.jar;C:\Programs\apache-tomcat-9.0.87\lib\catalina-ant.jar;C:\Programs\apache-tomcat-9.0.87\lib\catalina-ha.jar;C:\Programs\apache-tomcat-9.0.87\lib\catalina-ssi.jar;C:\Programs\apache-tomcat-9.0.87\lib\catalina-storeconfig.jar;C:\Programs\apache-tomcat-9.0.87\lib\catalina-tribes.jar;C:\Programs\apache-tomcat-9.0.87\lib\catalina.jar;C:\Programs\apache-tomcat-9.0.87\lib\ecj-4.20.jar;C:\Programs\apache-tomcat-9.0.87\lib\el-api.jar;C:\Programs\apache-tomcat-9.0.87\lib\jasper-el.jar;C:\Programs\apache-tomcat-9.0.87\lib\jasper.jar;C:\Programs\apache-tomcat-9.0.87\lib\jaspic-api.jar;C:\Programs\apache-tomcat-9.0.87\lib\jsp-api.jar;C:\Programs\apache-tomcat-9.0.87\lib\servlet-api.jar;C:\Programs\apache-tomcat-9.0.87\lib\tomcat-api.jar;C:\Programs\apache-tomcat-9.0.87\lib\tomcat-coyote.jar;C:\Programs\apache-tomcat-9.0.87\lib\tomcat-dbcp.jar;C:\Programs\apache-tomcat-9.0.87\lib\tomcat-i18n-cs.jar;C:\Programs\apache-tomcat-9.0.87\lib\tomcat-i18n-de.jar;C:\Programs\apache-tomcat-9.0.87\lib\tomcat-i18n-es.jar;C:\Programs\apache-tomcat-9.0.87\lib\tomcat-i18n-fr.jar;C:\Programs\apache-tomcat-9.0.87\lib\tomcat-i18n-ja.jar;C:\Programs\apache-tomcat-9.0.87\lib\tomcat-i18n-ko.jar;C:\Programs\apache-tomcat-9.0.87\lib\tomcat-i18n-pt-BR.jar;C:\Programs\apache-tomcat-9.0.87\lib\tomcat-i18n-ru.jar;C:\Programs\apache-tomcat-9.0.87\lib\tomcat-i18n-zh-CN.jar;C:\Programs\apache-tomcat-9.0.87\lib\tomcat-jdbc.jar;C:\Programs\apache-tomcat-9.0.87\lib\tomcat-jni.jar;C:\Programs\apache-tomcat-9.0.87\lib\tomcat-util-scan.jar;C:\Programs\apache-tomcat-9.0.87\lib\tomcat-util.jar;C:\Programs\apache-tomcat-9.0.87\lib\tomcat-websocket.jar;C:\Programs\apache-tomcat-9.0.87\lib\websocket-api.jar;C:\Programs\sts-bundle\sts-3.9.18.RELEASE\plugins\org.junit_4.13.0.v20200204-1500.jar;C:\Programs\sts-bundl
Launcher Type: SUN_STANDARD

[Global flags]
     intx CICompilerCount                          = 3                                         {product} {ergonomic}
     uint ConcGCThreads                            = 1                                         {product} {ergonomic}
     uint G1ConcRefinementThreads                  = 4                                         {product} {ergonomic}
   size_t G1HeapRegionSize                         = 1048576                                   {product} {ergonomic}
    uintx GCDrainStackTargetSize                   = 64                                        {product} {ergonomic}
   size_t InitialHeapSize                          = 134217728                                 {product} {ergonomic}
   size_t MarkStackSize                            = 4194304                                   {product} {ergonomic}
   size_t MaxHeapSize                              = 2126512128                                {product} {ergonomic}
   size_t MaxNewSize                               = 1275068416                                {product} {ergonomic}
   size_t MinHeapDeltaBytes                        = 1048576                                   {product} {ergonomic}
    uintx NonNMethodCodeHeapSize                   = 5830732                                {pd product} {ergonomic}
    uintx NonProfiledCodeHeapSize                  = 122913754                              {pd product} {ergonomic}
    uintx ProfiledCodeHeapSize                     = 122913754                              {pd product} {ergonomic}
    uintx ReservedCodeCacheSize                    = 251658240                              {pd product} {ergonomic}
     bool SegmentedCodeCache                       = true                                      {product} {ergonomic}
     bool UseCompressedClassPointers               = true                                 {lp64_product} {ergonomic}
     bool UseCompressedOops                        = true                                 {lp64_product} {ergonomic}
     bool UseG1GC                                  = true                                      {product} {ergonomic}
     bool UseLargePagesIndividualAllocation        = false                                  {pd product} {ergonomic}

Logging:
Log output configuration:
 #0: stdout all=warning uptime,level,tags
 #1: stderr all=off uptime,level,tags

Environment Variables:
PATH=C:/Programs/Java/jdk-11.0.22.7-hotspot/bin/server;C:/Programs/Java/jdk-11.0.22.7-hotspot/bin;C:\Programs\Java\jdk-11.0.22.7-hotspot\bin;C:\WINDOWS\system32;C:\WINDOWS;C:\WINDOWS\System32\Wbem;C:\WINDOWS\System32\WindowsPowerShell\v1.0\;C:\WINDOWS\System32\OpenSSH\;C:\Programs\Microsoft VS Code\bin;C:\Program Files\Git\cmd;C:\Programs\Java\jdk-8.0.402.6-hotspot\bin;C:\Program Files\MySQL\MySQL Shell 8.0\bin\;C:\Users\Lena\AppData\Local\Microsoft\WindowsApps;;C:\Program Files\JetBrains\IntelliJ IDEA Community Edition 2023.3.4\bin;;C:\Programs\sts-bundle\sts-3.9.18.RELEASE;
USERNAME=Lena
OS=Windows_NT
PROCESSOR_IDENTIFIER=Intel64 Family 6 Model 42 Stepping 7, GenuineIntel
TMP=C:\Users\Lena\AppData\Local\Temp
TEMP=C:\Users\Lena\AppData\Local\Temp



---------------  S Y S T E M  ---------------

OS: Windows 10 , 64 bit Build 19041 (10.0.19041.3636)
OS uptime: 5 days 19:40 hours

CPU:total 4 (initial active 4) (2 cores per cpu, 2 threads per core) family 6 model 42 stepping 7 microcode 0x2f, cmov, cx8, fxsr, mmx, sse, sse2, sse3, ssse3, sse4.1, sse4.2, popcnt, avx, aes, clmul, ht, tsc, tscinvbit

Memory: 4k page, system-wide physical 8105M (926M free)
TotalPageFile size 15595M (AvailPageFile size 1M)
current process WorkingSet (physical memory assigned to process): 107M, peak: 107M
current process commit charge ("private bytes"): 241M, peak: 241M

vm_info: OpenJDK 64-Bit Server VM (11.0.22+7) for windows-amd64 JRE (11.0.22+7), built on Jan 16 2024 23:15:30 by "" with MS VC++ 16.10 / 16.11 (VS2019)

END.
